Log file open, 06/19/17 18:26:52
LogInit:Display: Running engine for game: exam
LogPlatformFile: Not using cached read wrapper
LogInit:Display: RandInit(-1573590504) SRandInit(-1573590504).
LogTaskGraph: Started task graph with 5 named threads and 8 total threads with 1 sets of task threads.
LogStats: Stats thread started at 0.086237
LogInit: Using libcurl 7.47.1
LogInit:  - built for x86_64-pc-win32
LogInit:  - supports SSL with OpenSSL/1.0.2g
LogInit:  - supports HTTP deflate (compression) using libz 1.2.8
LogInit:  - other features:
LogInit:      CURL_VERSION_SSL
LogInit:      CURL_VERSION_LIBZ
LogInit:      CURL_VERSION_IPV6
LogInit:      CURL_VERSION_ASYNCHDNS
LogInit:      CURL_VERSION_LARGEFILE
LogInit:      CURL_VERSION_IDN
LogInit:  CurlRequestOptions (configurable via config and command line):
LogInit:  - bVerifyPeer = false  - Libcurl will NOT verify peer certificate
LogInit:  - bUseHttpProxy = false  - Libcurl will NOT use HTTP proxy
LogInit:  - bDontReuseConnections = false  - Libcurl will reuse connections
LogInit:  - CertBundlePath = nullptr  - Libcurl will use whatever was configured at build time.
LogInit: Build: ++UE4+Release-4.16-CL-3466753
LogInit: Engine Version: 4.16.1-3466753+++UE4+Release-4.16
LogInit: Compatible Engine Version: 4.16.0-3452394+++UE4+Release-4.16
LogInit: Net CL: 3452394
LogDevObjectVersion: Number of dev versions registered: 16
LogDevObjectVersion:   Dev-Blueprints (B0D832E4-1F89-4F0D-ACCF-7EB736FD4AA2): 9
LogDevObjectVersion:   Dev-Build (E1C64328-A22C-4D53-A36C-8E866417BD8C): 0
LogDevObjectVersion:   Dev-Core (375EC13C-06E4-48FB-B500-84F0262A717E): 2
LogDevObjectVersion:   Dev-Editor (E4B068ED-F494-42E9-A231-DA0B2E46BB41): 17
LogDevObjectVersion:   Dev-Framework (CFFC743F-43B0-4480-9391-14DF171D2073): 23
LogDevObjectVersion:   Dev-Mobile (B02B49B5-BB20-44E9-A304-32B752E40360): 0
LogDevObjectVersion:   Dev-Networking (A4E4105C-59A1-49B5-A7C5-40C4547EDFEE): 0
LogDevObjectVersion:   Dev-Online (39C831C9-5AE6-47DC-9A44-9C173E1C8E7C): 0
LogDevObjectVersion:   Dev-Physics (78F01B33-EBEA-4F98-B9B4-84EACCB95AA2): 0
LogDevObjectVersion:   Dev-Platform (6631380F-2D4D-43E0-8009-CF276956A95A): 0
LogDevObjectVersion:   Dev-Rendering (12F88B9F-8875-4AFC-A67C-D90C383ABD29): 15
LogDevObjectVersion:   Dev-Sequencer (7B5AE74C-D270-4C10-A958-57980B212A5A): 4
LogDevObjectVersion:   Dev-VR (D7296918-1DD6-4BDD-9DE2-64A83CC13884): 0
LogDevObjectVersion:   Dev-LoadTimes (C2A15278-BFE7-4AFE-6C17-90FF531DF755): 1
LogDevObjectVersion:   Private-Geometry (6EACA3D4-40EC-4CC1-B786-8BED09428FC5): 1
LogDevObjectVersion:   Dev-AnimPhys (29E575DD-E0A3-4627-9D10-D276232CDCEA): 3
LogInit: Compiled (64-bit): May 31 2017 02:03:30
LogInit: Compiled with Visual C++: 19.00.24215.01
LogInit: Build Configuration: Development
LogInit: Branch Name: ++UE4+Release-4.16
LogInit: Command line:  
LogInit: Base directory: C:/Program Files/Epic Games/UE_4.16/Engine/Binaries/Win64/
LogInit: Installed Engine Build: 1
LogInit: Presizing for max 8388607 objects, including 0 objects not considered by GC, pre-allocating 0 bytes for permanent pool.
LogInit: Object subsystem initialized
[2017.06.19-09.26.53:288][  0]LogInit: Selected Device Profile: [Windows]
[2017.06.19-09.26.53:288][  0]LogInit: Applying CVar settings loaded from the selected device profile: [Windows]
[2017.06.19-09.26.53:309][  0]LogInit: Computer: DESKTOP-ECVEE0L
[2017.06.19-09.26.53:309][  0]LogInit: User: yang
[2017.06.19-09.26.53:309][  0]LogInit: CPU Page size=4096, Cores=4
[2017.06.19-09.26.53:309][  0]LogInit: High frequency timer resolution =2.742184 MHz
[2017.06.19-09.26.53:309][  0]LogMemory: Memory total: Physical=7.9GB (8GB approx)
[2017.06.19-09.26.53:309][  0]LogMemory: Platform Memory Stats for Windows
[2017.06.19-09.26.53:309][  0]LogMemory: Process Physical Memory: 272.32 MB used, 272.32 MB peak
[2017.06.19-09.26.53:309][  0]LogMemory: Process Virtual Memory: 260.64 MB used, 260.64 MB peak
[2017.06.19-09.26.53:309][  0]LogMemory: Physical Memory: 3144.22 MB used,  4936.39 MB free, 8080.61 MB total
[2017.06.19-09.26.53:309][  0]LogMemory: Virtual Memory: 637.83 MB used,  4936.39 MB free, 134217728.00 MB total
[2017.06.19-09.26.53:402][  0]LogInit: Using OS detected language (ko-KR).
[2017.06.19-09.26.53:402][  0]LogInit: Using OS detected locale (ko-KR).
[2017.06.19-09.26.53:404][  0]LogTextLocalizationManager: No specific localization for 'ko-KR' exists, so the 'ko' localization will be used.
[2017.06.19-09.26.54:110][  0]LogD3D11RHI: D3D11 adapters:
[2017.06.19-09.26.54:160][  0]LogD3D11RHI:    0. 'NVIDIA GeForce GTX 1050 Ti' (Feature Level 11_0)
[2017.06.19-09.26.54:160][  0]LogD3D11RHI:       4050/0/4040 MB DedicatedVideo/DedicatedSystem/SharedSystem, Outputs:1, VendorId:0x10de
[2017.06.19-09.26.54:167][  0]LogD3D11RHI:    1. 'Intel(R) HD Graphics 630' (Feature Level 11_0)
[2017.06.19-09.26.54:167][  0]LogD3D11RHI:       128/0/4040 MB DedicatedVideo/DedicatedSystem/SharedSystem, Outputs:0, VendorId:0x8086
[2017.06.19-09.26.54:168][  0]LogD3D11RHI:    2. 'Microsoft Basic Render Driver' (Feature Level 11_0)
[2017.06.19-09.26.54:168][  0]LogD3D11RHI:       0/0/4040 MB DedicatedVideo/DedicatedSystem/SharedSystem, Outputs:0, VendorId:0x1414
[2017.06.19-09.26.54:168][  0]LogD3D11RHI: Chosen D3D11 Adapter: 0
[2017.06.19-09.26.54:175][  0]LogD3D11RHI: Creating new Direct3DDevice
[2017.06.19-09.26.54:175][  0]LogD3D11RHI:     GPU DeviceId: 0x1c8c (for the marketing name, search the web for "GPU Device Id")
[2017.06.19-09.26.54:175][  0]LogWindows: EnumDisplayDevices:
[2017.06.19-09.26.54:175][  0]LogWindows:    0. 'Intel(R) HD Graphics 630' (P:1 D:1)
[2017.06.19-09.26.54:175][  0]LogWindows:    1. 'Intel(R) HD Graphics 630' (P:0 D:0)
[2017.06.19-09.26.54:175][  0]LogWindows:    2. 'Intel(R) HD Graphics 630' (P:0 D:0)
[2017.06.19-09.26.54:175][  0]LogWindows:    3. 'NVIDIA GeForce GTX 1050 Ti' (P:0 D:0)
[2017.06.19-09.26.54:175][  0]LogWindows:    4. 'NVIDIA GeForce GTX 1050 Ti' (P:0 D:0)
[2017.06.19-09.26.54:175][  0]LogWindows:    5. 'NVIDIA GeForce GTX 1050 Ti' (P:0 D:0)
[2017.06.19-09.26.54:175][  0]LogWindows:    6. 'NVIDIA GeForce GTX 1050 Ti' (P:0 D:0)
[2017.06.19-09.26.54:175][  0]LogWindows: DebugString: PrimaryIsNotTheChoosenAdapter PrimaryIsNotTheChoosenAdapter PrimaryIsNotTheChoosenAdapter FoundDriverCount:4 
[2017.06.19-09.26.54:175][  0]LogD3D11RHI:     Adapter Name: NVIDIA GeForce GTX 1050 Ti
[2017.06.19-09.26.54:175][  0]LogD3D11RHI:   Driver Version: 382.33 (internal:22.21.13.8233, unified:382.33)
[2017.06.19-09.26.54:175][  0]LogD3D11RHI:      Driver Date: 5-17-2017
[2017.06.19-09.26.54:175][  0]LogRHI: Texture pool is 1361 MB (70% of 1945 MB)
[2017.06.19-09.26.54:202][  0]LogD3D11RHI: Async texture creation enabled
[2017.06.19-09.26.54:212][  0]LogD3D11RHI: GPU Timing Frequency: 1000.000000 (Debug: 2 1)
[2017.06.19-09.26.54:213][  0]LogShaderCompilers: Guid format shader working directory is -15 characters bigger than the processId version (../../../../../../Users/yang/Documents/Unreal Projects/exam/Intermediate/Shaders/WorkingDirectory/12112/).
[2017.06.19-09.26.54:213][  0]LogShaderCompilers: Cleaned the shader compiler working directory 'C:/Users/yang/AppData/Local/Temp/UnrealShaderWorkingDir/55EC063C4B61810BB3059FBEBC9D9B8C/'.
[2017.06.19-09.26.54:213][  0]LogShaderCompilers:Display: Using Local Shader Compiler.
[2017.06.19-09.26.55:190][  0]LogTemp:Display: Loaded TP AllDesktopTargetPlatform
[2017.06.19-09.26.55:243][  0]LogTemp:Display: Loaded TP MacClientTargetPlatform
[2017.06.19-09.26.55:298][  0]LogTemp:Display: Loaded TP MacNoEditorTargetPlatform
[2017.06.19-09.26.55:345][  0]LogTemp:Display: Loaded TP MacServerTargetPlatform
[2017.06.19-09.26.55:389][  0]LogTemp:Display: Loaded TP MacTargetPlatform
[2017.06.19-09.26.55:435][  0]LogTemp:Display: Loaded TP WindowsClientTargetPlatform
[2017.06.19-09.26.55:481][  0]LogTemp:Display: Loaded TP WindowsNoEditorTargetPlatform
[2017.06.19-09.26.55:525][  0]LogTemp:Display: Loaded TP WindowsServerTargetPlatform
[2017.06.19-09.26.55:567][  0]LogTemp:Display: Loaded TP WindowsTargetPlatform
[2017.06.19-09.26.55:611][  0]LogTemp:Display: Loaded TP AndroidTargetPlatform
[2017.06.19-09.26.55:654][  0]LogTemp:Display: Loaded TP Android_ASTCTargetPlatform
[2017.06.19-09.26.55:699][  0]LogTemp:Display: Loaded TP Android_ATCTargetPlatform
[2017.06.19-09.26.55:741][  0]LogTemp:Display: Loaded TP Android_DXTTargetPlatform
[2017.06.19-09.26.55:785][  0]LogTemp:Display: Loaded TP Android_ETC1TargetPlatform
[2017.06.19-09.26.55:861][  0]LogTemp:Display: Loaded TP Android_ETC2TargetPlatform
[2017.06.19-09.26.55:947][  0]LogTemp:Display: Loaded TP Android_MultiTargetPlatform
[2017.06.19-09.26.55:947][  0]LogTemp:Display: Loaded TP Android_PVRTCTargetPlatform
[2017.06.19-09.26.55:982][  0]LogTemp:Display: Loaded TP HTML5TargetPlatform
[2017.06.19-09.26.56:068][  0]LogTemp:Display: Loaded TP IOSTargetPlatform
[2017.06.19-09.26.56:110][  0]LogTemp:Display: Loaded TP TVOSTargetPlatform
[2017.06.19-09.26.56:155][  0]LogTemp:Display: Loaded TP LinuxClientTargetPlatform
[2017.06.19-09.26.56:199][  0]LogTemp:Display: Loaded TP LinuxNoEditorTargetPlatform
[2017.06.19-09.26.56:241][  0]LogTemp:Display: Loaded TP LinuxServerTargetPlatform
[2017.06.19-09.26.56:286][  0]LogTemp:Display: Loaded TP LinuxTargetPlatform
[2017.06.19-09.26.56:286][  0]LogTargetPlatformManager:Display: Building Assets For Windows
[2017.06.19-09.26.56:722][  0]LogDerivedDataCache:Display: Max Cache Size: 512 MB
[2017.06.19-09.26.56:824][  0]LogDerivedDataCache: Loaded boot cache 0.10s 90MB C:/Users/yang/AppData/Local/UnrealEngine/4.16/DerivedDataCache/Boot.ddc.
[2017.06.19-09.26.56:825][  0]LogDerivedDataCache:Display: Loaded Boot cache: C:/Users/yang/AppData/Local/UnrealEngine/4.16/DerivedDataCache/Boot.ddc
[2017.06.19-09.26.56:825][  0]LogDerivedDataCache: FDerivedDataBackendGraph:  Pak pak cache file ../../../../../../Users/yang/Documents/Unreal Projects/exam/DerivedDataCache/DDC.ddp not found, will not use a pak cache.
[2017.06.19-09.26.56:825][  0]LogDerivedDataCache: Unable to find inner node Pak for hierarchical cache Hierarchy.
[2017.06.19-09.26.56:825][  0]LogDerivedDataCache: FDerivedDataBackendGraph:  CompressedPak pak cache file ../../../../../../Users/yang/Documents/Unreal Projects/exam/DerivedDataCache/Compressed.ddp not found, will not use a pak cache.
[2017.06.19-09.26.56:825][  0]LogDerivedDataCache: Unable to find inner node CompressedPak for hierarchical cache Hierarchy.
[2017.06.19-09.26.56:840][  0]LogDerivedDataCache:Display: Pak cache opened for reading ../../../Engine/DerivedDataCache/Compressed.ddp.
[2017.06.19-09.26.56:852][  0]LogDerivedDataCache: Using Local data cache path C:/Users/yang/AppData/Local/UnrealEngine/Common/DerivedDataCache: Writable
[2017.06.19-09.26.56:871][  0]LogMaterial: Verifying Global Shaders for PCD3D_SM5
[2017.06.19-09.26.56:872][  0]LogSlate: Using Freetype 2.6.0
[2017.06.19-09.26.56:872][  0]LogSlate: SlateFontCache - WITH_FREETYPE: 1, WITH_HARFBUZZ: 1
[2017.06.19-09.26.56:873][  0]LogSlate: SlateFontCache - WITH_FREETYPE: 1, WITH_HARFBUZZ: 1
[2017.06.19-09.26.57:178][  0]LogInit: Selected Device Profile: [Windows]
[2017.06.19-09.26.57:248][  0]LogContentStreaming: Texture pool size is 0.00 MB
[2017.06.19-09.26.57:390][  0]LogMeshUtilities: Using QuadricMeshReduction for automatic static mesh reduction
[2017.06.19-09.26.57:430][  0]LogSimplygon: Simplygon DLL not present - disabling.
[2017.06.19-09.26.57:471][  0]LogMeshUtilities: Using SimplygonSwarm for distributed automatic mesh merging
[2017.06.19-09.26.57:471][  0]LogMeshUtilities: No automatic skeletal mesh reduction module available
[2017.06.19-09.26.57:471][  0]LogMeshUtilities: No automatic mesh merging module available
[2017.06.19-09.26.58:014][  0]LogNetVersion: exam , NetCL: 3452394, EngineNetVer: 2, GameNetVer: 0 (Checksum: 1369911594)
[2017.06.19-09.26.58:071][  0]LogAssetRegistry: FAssetRegistry took 0.0250 seconds to start up
[2017.06.19-09.26.58:123][  0]LogPackageLocalizationCache: Processed 4 localized package path(s) for 2 prioritized culture(s) in 0.032668 seconds
[2017.06.19-09.26.58:130][  0]LogUObjectArray: 34194 objects as part of root set at end of initial load.
[2017.06.19-09.26.58:130][  0]LogUObjectAllocator: 7260424 out of 0 bytes used by permanent object pool.
[2017.06.19-09.26.58:130][  0]LogUObjectArray: CloseDisregardForGC: 0/0 objects in disregard for GC pool
[2017.06.19-09.26.58:186][  0]LogInit: WinSock: version 1.1 (2.2), MaxSocks=32767, MaxUdp=65467
[2017.06.19-09.27.00:511][  0]LogTcpMessaging: Initializing TcpMessaging bridge
[2017.06.19-09.27.00:560][  0]LogUdpMessaging: Initializing bridge on interface 0.0.0.0:0 to multicast group 230.0.0.1:6666.
[2017.06.19-09.27.01:053][  0]LogMaterial: Uniform references updated for custom material expression Custom.
[2017.06.19-09.27.01:456][  0]SourceControl: 정보 소스 콘트롤이 꺼졌습니다.
[2017.06.19-09.27.01:494][  0]SourceControl: 정보 소스 콘트롤이 꺼졌습니다.
[2017.06.19-09.27.01:535][  0]SourceControl: 정보 소스 콘트롤이 꺼졌습니다.
[2017.06.19-09.27.01:579][  0]SourceControl: 정보 소스 콘트롤이 꺼졌습니다.
[2017.06.19-09.27.02:229][  0]LogAndroidPermission: UAndroidPermissionCallbackProxy::GetInstance
[2017.06.19-09.27.02:754][  0]LogEngine: Initializing Engine...
[2017.06.19-09.27.02:754][  0]LogHMD: Failed to initialize OpenVR with code 110
[2017.06.19-09.27.02:966][  0]LogStats: UGameplayTagsManager::ConstructGameplayTagTree: Construct from data asset -  0.000 s
[2017.06.19-09.27.02:966][  0]LogStats: UGameplayTagsManager::ConstructGameplayTagTree: GameplayTagTreeChangedEvent.Broadcast -  0.000 s
[2017.06.19-09.27.03:082][  0]LogAIModule: Creating AISystem for world Untitled
[2017.06.19-09.27.03:088][  0]LogInit: XAudio2 using '스피커(Realtek High Definition Audio)' : 2 channels at 48 kHz using 32 bits per sample (channel mask 0x3)
[2017.06.19-09.27.03:135][  0]LogInit: FAudioDevice initialized.
[2017.06.19-09.27.03:185][  0]LogDerivedDataCache: Saved boot cache 0.05s 90MB C:/Users/yang/AppData/Local/UnrealEngine/4.16/DerivedDataCache/Boot.ddc.
[2017.06.19-09.27.03:203][  0]LogInit: Texture streaming: Enabled
[2017.06.19-09.27.03:295][  0]LogEngineSessionManager: EngineSessionManager initialized
[2017.06.19-09.27.03:491][  0]LogWindowsTextInputMethodSystem:Display: IME system now activated using TSF (Microsoft 입력기).
[2017.06.19-09.27.03:781][  0]LogInit: Transaction tracking system initialized
[2017.06.19-09.27.04:069][  0]BlueprintLog: New page: 에디터 로드
[2017.06.19-09.27.05:019][  0]LocalizationService: 정보 현지화 서비스가 비활성화되었습니다.
[2017.06.19-09.27.05:734][  0]LogConsoleResponse:Display: 
[2017.06.19-09.27.05:894][  0]LogCook:Display: Max memory allowance for cook 16384mb min free memory 0mb
[2017.06.19-09.27.05:894][  0]LogCook:Display: Mobile HDR setting 1
[2017.06.19-09.27.06:037][  0]LogFileCache: Scanning file cache for directory 'C:/Users/yang/Documents/Unreal Projects/exam/Content/' took 0.01s
[2017.06.19-09.27.06:841][  0]SourceControl: 정보 소스 콘트롤이 꺼졌습니다.
[2017.06.19-09.27.06:841][  0]Cmd: MAP LOAD FILE="../../../../../../Users/yang/Documents/Unreal Projects/exam/Content/StarterContent/Maps/Minimal_Default.umap" TEMPLATE=0 SHOWPROGRESS=1 FEATURELEVEL=3
[2017.06.19-09.27.06:842][  0]LightingResults: New page: 라이팅 빌드
[2017.06.19-09.27.06:878][  0]MapCheck: New page: 맵 체크
[2017.06.19-09.27.06:878][  0]LightingResults: New page: 라이팅 빌드
[2017.06.19-09.27.07:197][  0]LogAIModule: Creating AISystem for world Minimal_Default
[2017.06.19-09.27.07:204][  0]LogEditorServer: Finished looking for orphan Actors (0.000 secs)
[2017.06.19-09.27.07:219][  0]Cmd: MAP CHECKDEP NOCLEARLOG
[2017.06.19-09.27.07:264][  0]MapCheck: 정보 맵 체크 완료: 오류 0 회, 경고 0 회, 소요 시간 45.225ms.
[2017.06.19-09.27.07:264][  0]LogFileHelpers: Loading map 'Minimal_Default' took 0.424
[2017.06.19-09.27.07:400][  0]LogCollectionManager: Loaded 0 collections in 0.001303 seconds
[2017.06.19-09.27.07:498][  0]LogFileCache: Scanning file cache for directory 'C:/Users/yang/Documents/Unreal Projects/exam/Saved/Collections/' took 0.01s
[2017.06.19-09.27.07:498][  0]LogFileCache: Scanning file cache for directory 'C:/Users/yang/Documents/Unreal Projects/exam/Content/Developers/yang/Collections/' took 0.01s
[2017.06.19-09.27.07:498][  0]LogFileCache: Scanning file cache for directory 'C:/Users/yang/Documents/Unreal Projects/exam/Content/Collections/' took 0.01s
[2017.06.19-09.27.07:498][  0]LogCollectionManager: Rebuilt the GUID cache for 0 collections in 0.000002 seconds
[2017.06.19-09.27.07:508][  0]LogContentBrowser: Native class hierarchy populated in 0.0091 seconds. Added 2329 classes and 491 folders.
[2017.06.19-09.27.07:566][  0]LogContentBrowser: Native class hierarchy updated for 'WidgetCarousel' in 0.0005 seconds. Added 0 classes and 0 folders.
[2017.06.19-09.27.07:598][  0]LogContentBrowser: Native class hierarchy updated for 'AddContentDialog' in 0.0005 seconds. Added 0 classes and 0 folders.
[2017.06.19-09.27.07:637][  0]LogContentBrowser: Native class hierarchy updated for 'SceneOutliner' in 0.0005 seconds. Added 1 classes and 2 folders.
[2017.06.19-09.27.07:676][  0]LogCrashTracker: Crashtracker disabled due to settings.
[2017.06.19-09.27.07:682][  0]LogSlate: Took 0.000240 seconds to synchronously load lazily loaded font '../../../Engine/Content/Slate/Fonts/Roboto-Regular.ttf' (155K)
[2017.06.19-09.27.07:686][  0]LogSlate: Took 0.003225 seconds to synchronously load lazily loaded font '../../../Engine/Content/Slate/Fonts/NanumGothic.ttf' (4243K)
[2017.06.19-09.27.07:687][  0]LogSlate: Took 0.000203 seconds to synchronously load lazily loaded font '../../../Engine/Content/Slate/Fonts/Roboto-Bold.ttf' (160K)
[2017.06.19-09.27.07:693][  0]LogSlate: Took 0.000249 seconds to synchronously load lazily loaded font '../../../Engine/Content/Editor/Slate/Fonts/FontAwesome.ttf' (139K)
[2017.06.19-09.27.07:781][  0]LogRenderer: Reallocating scene render targets to support 892x436 NumSamples 1 (Frame:1).
[2017.06.19-09.27.07:926][  0]LogUObjectGlobals:Warning: 'Class 없음.' 오브젝트를 찾는 데 실패했습니다.
[2017.06.19-09.27.08:000][  0]LogContentBrowser: Native class hierarchy updated for 'HierarchicalLODOutliner' in 0.0005 seconds. Added 1 classes and 2 folders.
[2017.06.19-09.27.08:000][  0]LogLoad: (Engine Initialization) Total time: 16.13 seconds
[2017.06.19-09.27.08:000][  0]LogLoad: (Engine Initialization) Total Blueprint compile time: 0.08 seconds
[2017.06.19-09.27.08:000][  0]LogExternalProfiler: No external profilers were discovered.  External profiling features will not be available.
[2017.06.19-09.27.08:021][  0]LogOcInput: OculusInput pre-init called
[2017.06.19-09.27.08:021][  0]LogHMD: Starting GearVRController plugin
[2017.06.19-09.27.08:035][  0]LogAssetRegistry: Asset discovery search completed in 9.9862 seconds
[2017.06.19-09.27.08:037][  0]LogCollectionManager: Rebuilt the object cache for 0 collections in 0.000002 seconds (found 0 objects)
[2017.06.19-09.27.08:037][  0]LogCollectionManager: Fixed up redirectors for 0 collections in 0.000048 seconds (updated 0 objects)
[2017.06.19-09.27.08:039][  0]LogContentStreaming: Texture pool size now 1000 MB
[2017.06.19-09.27.08:079][  0]LogSlate: Took 0.000133 seconds to synchronously load lazily loaded font '../../../Engine/Content/Slate/Fonts/Roboto-Light.ttf' (159K)
[2017.06.19-09.28.04:597][ 75]LogTemp: Repeting last play command: 선택된 뷰포트
[2017.06.19-09.28.04:637][ 75]LogBlueprintUserMessages: Early PlayInEditor Detection: Level '/Game/StarterContent/Maps/Minimal_Default.Minimal_Default:PersistentLevel' has LevelScriptBlueprint '/Game/StarterContent/Maps/Minimal_Default.Minimal_Default:PersistentLevel.Minimal_Default' with GeneratedClass '/Game/StarterContent/Maps/Minimal_Default.Minimal_Default_C' with ClassGeneratedBy '/Game/StarterContent/Maps/Minimal_Default.Minimal_Default:PersistentLevel.Minimal_Default'
[2017.06.19-09.28.04:637][ 75]LogPlayLevel: PlayLevel: No blueprints needed recompiling
[2017.06.19-09.28.04:638][ 75]PIE: New page: PIE 세션: Minimal_Default (2017. 6. 20. 오전 3:28:04)
[2017.06.19-09.28.04:638][ 75]LogPlayLevel: Creating play world package: /Game/StarterContent/Maps/UEDPIE_0_Minimal_Default
[2017.06.19-09.28.04:647][ 75]LogPlayLevel: PIE: StaticDuplicateObject took: (0.008976s)
[2017.06.19-09.28.04:647][ 75]LogAIModule: Creating AISystem for world Minimal_Default
[2017.06.19-09.28.04:648][ 75]LogPlayLevel: PIE: World Init took: (0.001047s)
[2017.06.19-09.28.04:648][ 75]LogPlayLevel: PIE: Created PIE world by copying editor world from /Game/StarterContent/Maps/Minimal_Default.Minimal_Default to /Game/StarterContent/Maps/UEDPIE_0_Minimal_Default.Minimal_Default (0.010272s)
[2017.06.19-09.28.04:657][ 75]LogInit: XAudio2 using '스피커(Realtek High Definition Audio)' : 2 channels at 48 kHz using 32 bits per sample (channel mask 0x3)
[2017.06.19-09.28.04:672][ 75]LogInit: FAudioDevice initialized.
[2017.06.19-09.28.04:841][ 75]LogBlueprint:Warning: [Compiler HeroBP] 경고 입력 액션 이벤트가  LeftMouseClicked 입력 액션  에 대한 미확인 'LeftMouseClicked' 액션을 레퍼런싱합니다.
[2017.06.19-09.28.04:844][ 75]LogBlueprint:Warning: [Compiler HeroBP] 경고 [0072.97] HeroBP 컴파일에 성공했습니다만, 경고가 1 회 있습니다. [소요시간 5 ms] (/Game/BP/HeroBP.HeroBP)
[2017.06.19-09.28.04:844][ 75]LogBlueprint:Warning: [Compiler HeroBP] 경고 [0072.97] HeroBP 컴파일에 성공했습니다만, 경고가 2 회 있습니다. [소요시간 0 ms] (/Game/BP/HeroBP.HeroBP)
[2017.06.19-09.28.04:844][ 75]LogBlueprint:Warning: [Compiler HeroBP] 경고 [0072.97] HeroBP 컴파일에 성공했습니다만, 경고가 3 회 있습니다. [소요시간 0 ms] (/Game/BP/HeroBP.HeroBP)
[2017.06.19-09.28.04:853][ 75]LogBlueprint:Warning: [Compiler HeroBP] 경고 입력 액션 이벤트가  LeftMouseClicked 입력 액션  에 대한 미확인 'LeftMouseClicked' 액션을 레퍼런싱합니다.
[2017.06.19-09.28.04:856][ 75]LogBlueprint:Warning: [Compiler HeroBP] 경고 [0072.98] HeroBP 컴파일에 성공했습니다만, 경고가 1 회 있습니다. [소요시간 5 ms] (/Game/BP/HeroBP.HeroBP)
[2017.06.19-09.28.04:856][ 75]LogBlueprint:Warning: [Compiler HeroBP] 경고 [0072.98] HeroBP 컴파일에 성공했습니다만, 경고가 2 회 있습니다. [소요시간 0 ms] (/Game/BP/HeroBP.HeroBP)
[2017.06.19-09.28.04:857][ 75]LogBlueprint:Warning: [Compiler HeroBP] 경고 [0072.98] HeroBP 컴파일에 성공했습니다만, 경고가 3 회 있습니다. [소요시간 0 ms] (/Game/BP/HeroBP.HeroBP)
[2017.06.19-09.28.04:921][ 75]LogLoad: Game class is 'ShooterGameMode_C'
[2017.06.19-09.28.04:925][ 75]LogWorld: Bringing World /Game/StarterContent/Maps/UEDPIE_0_Minimal_Default.Minimal_Default up for play (max tick rate 60) at 2017.06.19-18.28.04
[2017.06.19-09.28.04:925][ 75]LogWorld: Bringing up level for play took: 0.001194
[2017.06.19-09.28.04:960][ 75]LogContentBrowser: Native class hierarchy updated for 'MovieSceneCapture' in 0.0005 seconds. Added 11 classes and 0 folders.
[2017.06.19-09.28.04:966][ 75]PIE: 정보 /Game/StarterContent/Maps/UEDPIE_0_Minimal_Default 에 대한 에디터에서 플레이 시작 시간: 0.71
[2017.06.19-09.28.04:966][ 75]LogBlueprintUserMessages: Late PlayInEditor Detection: Level '/Game/StarterContent/Maps/Minimal_Default.Minimal_Default:PersistentLevel' has LevelScriptBlueprint '/Game/StarterContent/Maps/Minimal_Default.Minimal_Default:PersistentLevel.Minimal_Default' with GeneratedClass '/Game/StarterContent/Maps/Minimal_Default.Minimal_Default_C' with ClassGeneratedBy '/Game/StarterContent/Maps/Minimal_Default.Minimal_Default:PersistentLevel.Minimal_Default'
[2017.06.19-09.28.06:352][148]LogBlueprintUserMessages: Early EndPlayMap Detection: Level '/Game/StarterContent/Maps/Minimal_Default.Minimal_Default:PersistentLevel' has LevelScriptBlueprint '/Game/StarterContent/Maps/Minimal_Default.Minimal_Default:PersistentLevel.Minimal_Default' with GeneratedClass '/Game/StarterContent/Maps/Minimal_Default.Minimal_Default_C' with ClassGeneratedBy '/Game/StarterContent/Maps/Minimal_Default.Minimal_Default:PersistentLevel.Minimal_Default'
[2017.06.19-09.28.06:385][148]LogBlueprintUserMessages: Late EndPlayMap Detection: Level '/Game/StarterContent/Maps/Minimal_Default.Minimal_Default:PersistentLevel' has LevelScriptBlueprint '/Game/StarterContent/Maps/Minimal_Default.Minimal_Default:PersistentLevel.Minimal_Default' with GeneratedClass '/Game/StarterContent/Maps/Minimal_Default.Minimal_Default_C' with ClassGeneratedBy '/Game/StarterContent/Maps/Minimal_Default.Minimal_Default:PersistentLevel.Minimal_Default'
[2017.06.19-09.28.08:720][284]LogSlate: Took 0.000160 seconds to synchronously load lazily loaded font '../../../Engine/Content/Slate/Fonts/Roboto-Light.ttf' (159K)
[2017.06.19-09.28.08:986][284]LogAIModule: Creating AISystem for world FinalExamMap
[2017.06.19-09.28.09:026][284]Cmd: MAP LOAD FILE="../../../../../../Users/yang/Documents/Unreal Projects/exam/Content/FinalExamMap.umap" TEMPLATE=0 SHOWPROGRESS=1 FEATURELEVEL=3
[2017.06.19-09.28.09:026][284]LightingResults: New page: 라이팅 빌드
[2017.06.19-09.28.09:040][284]LoadErrors: New page: 맵 로드중: FinalExamMap.umap
[2017.06.19-09.28.09:041][284]MapCheck: New page: 맵 체크
[2017.06.19-09.28.09:041][284]LightingResults: New page: 라이팅 빌드
[2017.06.19-09.28.09:060][284]LogEditorServer: Finished looking for orphan Actors (0.000 secs)
[2017.06.19-09.28.09:127][284]Cmd: MAP CHECKDEP NOCLEARLOG
[2017.06.19-09.28.09:183][284]MapCheck: 정보 맵 체크 완료: 오류 0 회, 경고 0 회, 소요 시간 56.843ms.
[2017.06.19-09.28.09:183][284]LogFileHelpers: Loading map 'FinalExamMap' took 0.170
[2017.06.19-09.28.14:561][600]LogEditorViewport: Clicking on Actor (LMB): bulletItemBP_C (bulletItemBP2)
[2017.06.19-09.28.22:069][ 27]LogContentBrowser: Native class hierarchy updated for 'BlueprintGraph' in 0.0008 seconds. Added 112 classes and 0 folders.
[2017.06.19-09.28.22:564][ 27]LogSlate: Took 0.000536 seconds to synchronously load lazily loaded font '../../../Engine/Content/Slate/Fonts/Roboto-Regular.ttf' (155K)
[2017.06.19-09.28.22:620][ 27]LogSlate: Took 0.000157 seconds to synchronously load lazily loaded font '../../../Engine/Content/Editor/Slate/Fonts/Roboto-BoldCondensed.ttf' (158K)
[2017.06.19-09.28.56:232][949]LogSlate: Took 0.000228 seconds to synchronously load lazily loaded font '../../../Engine/Content/Editor/Slate/Fonts/Roboto-Italic.ttf' (157K)
[2017.06.19-09.29.01:229][249]BlueprintLog: New page: bulletItemBP 컴파일
[2017.06.19-09.29.03:411][372]LogTemp: Repeting last play command: 선택된 뷰포트
[2017.06.19-09.29.03:436][372]LogPlayLevel: PlayLevel: No blueprints needed recompiling
[2017.06.19-09.29.03:437][372]PIE: New page: PIE 세션: FinalExamMap (2017. 6. 20. 오전 3:29:03)
[2017.06.19-09.29.03:437][372]LogPlayLevel: Creating play world package: /Game/UEDPIE_0_FinalExamMap
[2017.06.19-09.29.03:440][372]LogPlayLevel: PIE: StaticDuplicateObject took: (0.003294s)
[2017.06.19-09.29.03:441][372]LogAIModule: Creating AISystem for world FinalExamMap
[2017.06.19-09.29.03:441][372]LogPlayLevel: PIE: World Init took: (0.001260s)
[2017.06.19-09.29.03:441][372]LogPlayLevel: PIE: Created PIE world by copying editor world from /Game/FinalExamMap.FinalExamMap to /Game/UEDPIE_0_FinalExamMap.FinalExamMap (0.004832s)
[2017.06.19-09.29.03:459][372]LogInit: XAudio2 using '스피커(Realtek High Definition Audio)' : 2 channels at 48 kHz using 32 bits per sample (channel mask 0x3)
[2017.06.19-09.29.03:473][372]LogInit: FAudioDevice initialized.
[2017.06.19-09.29.03:508][372]LogLoad: Game class is 'ShooterGameMode_C'
[2017.06.19-09.29.03:512][372]LogWorld: Bringing World /Game/UEDPIE_0_FinalExamMap.FinalExamMap up for play (max tick rate 60) at 2017.06.19-18.29.03
[2017.06.19-09.29.03:513][372]LogWorld: Bringing up level for play took: 0.003956
[2017.06.19-09.29.03:514][372]PIE: 정보 /Game/UEDPIE_0_FinalExamMap 에 대한 에디터에서 플레이 시작 시간: -0.741
[2017.06.19-09.31.06:604][717]BlueprintLog: New page: bulletItemBP 컴파일
[2017.06.19-09.31.08:540][806]LogTemp: Repeting last play command: 선택된 뷰포트
[2017.06.19-09.31.08:561][806]LogPlayLevel: PlayLevel: No blueprints needed recompiling
[2017.06.19-09.31.08:561][806]PIE: New page: PIE 세션: FinalExamMap (2017. 6. 20. 오전 3:31:08)
[2017.06.19-09.31.08:562][806]LogPlayLevel: Creating play world package: /Game/UEDPIE_0_FinalExamMap
[2017.06.19-09.31.08:566][806]LogPlayLevel: PIE: StaticDuplicateObject took: (0.004002s)
[2017.06.19-09.31.08:566][806]LogAIModule: Creating AISystem for world FinalExamMap
[2017.06.19-09.31.08:567][806]LogPlayLevel: PIE: World Init took: (0.001050s)
[2017.06.19-09.31.08:567][806]LogPlayLevel: PIE: Created PIE world by copying editor world from /Game/FinalExamMap.FinalExamMap to /Game/UEDPIE_0_FinalExamMap.FinalExamMap (0.005299s)
[2017.06.19-09.31.08:585][806]LogInit: XAudio2 using '스피커(Realtek High Definition Audio)' : 2 channels at 48 kHz using 32 bits per sample (channel mask 0x3)
[2017.06.19-09.31.08:600][806]LogInit: FAudioDevice initialized.
[2017.06.19-09.31.08:633][806]LogLoad: Game class is 'ShooterGameMode_C'
[2017.06.19-09.31.08:637][806]LogWorld: Bringing World /Game/UEDPIE_0_FinalExamMap.FinalExamMap up for play (max tick rate 60) at 2017.06.19-18.31.08
[2017.06.19-09.31.08:638][806]LogWorld: Bringing up level for play took: 0.003312
[2017.06.19-09.31.08:639][806]PIE: 정보 /Game/UEDPIE_0_FinalExamMap 에 대한 에디터에서 플레이 시작 시간: 0.383
[2017.06.19-09.31.26:669][857]BlueprintLog: New page: bulletItemBP 컴파일
[2017.06.19-09.31.28:325][947]LogTemp: Repeting last play command: 선택된 뷰포트
[2017.06.19-09.31.28:348][947]LogPlayLevel: PlayLevel: No blueprints needed recompiling
[2017.06.19-09.31.28:348][947]PIE: New page: PIE 세션: FinalExamMap (2017. 6. 20. 오전 3:31:28)
[2017.06.19-09.31.28:348][947]LogPlayLevel: Creating play world package: /Game/UEDPIE_0_FinalExamMap
[2017.06.19-09.31.28:351][947]LogPlayLevel: PIE: StaticDuplicateObject took: (0.003044s)
[2017.06.19-09.31.28:352][947]LogAIModule: Creating AISystem for world FinalExamMap
[2017.06.19-09.31.28:352][947]LogPlayLevel: PIE: World Init took: (0.000675s)
[2017.06.19-09.31.28:352][947]LogPlayLevel: PIE: Created PIE world by copying editor world from /Game/FinalExamMap.FinalExamMap to /Game/UEDPIE_0_FinalExamMap.FinalExamMap (0.003897s)
[2017.06.19-09.31.28:369][947]LogInit: XAudio2 using '스피커(Realtek High Definition Audio)' : 2 channels at 48 kHz using 32 bits per sample (channel mask 0x3)
[2017.06.19-09.31.28:385][947]LogInit: FAudioDevice initialized.
[2017.06.19-09.31.28:417][947]LogLoad: Game class is 'ShooterGameMode_C'
[2017.06.19-09.31.28:422][947]LogWorld: Bringing World /Game/UEDPIE_0_FinalExamMap.FinalExamMap up for play (max tick rate 60) at 2017.06.19-18.31.28
[2017.06.19-09.31.28:423][947]LogWorld: Bringing up level for play took: 0.004483
[2017.06.19-09.31.28:424][947]PIE: 정보 /Game/UEDPIE_0_FinalExamMap 에 대한 에디터에서 플레이 시작 시간: 0.168
[2017.06.19-09.31.44:160][748]BlueprintLog: New page: bulletItemBP 컴파일
[2017.06.19-09.33.10:714][442]Cmd: BRUSH ADD SELECTNEWBRUSH
[2017.06.19-09.33.21:378][ 76]LogEditorViewport: Clicking on Actor (LMB): Brush (Box 브러시)
[2017.06.19-09.33.21:980][110]Cmd: EDIT COPY
[2017.06.19-09.33.22:705][153]Cmd: EDIT PASTE
[2017.06.19-09.33.27:046][409]Cmd: CAMERA ALIGN ACTIVEVIEWPORTONLY
[2017.06.19-09.33.39:900][177]LogMaterial: Missing cached shader map for material LayerVisMaterial, compiling. 
[2017.06.19-09.33.39:922][177]LogMaterial: Missing cached shader map for material SelectBrushMaterial, compiling. 
[2017.06.19-09.33.39:950][177]LogMaterial: Missing cached shader map for material SelectBrushMaterial, compiling. 
[2017.06.19-09.33.39:985][177]LogMaterial: Missing cached shader map for material MaskBrushMaterial, compiling. 
[2017.06.19-09.33.40:014][177]LogMaterial: Missing cached shader map for material LandscapeLayerUsageMaterial, compiling. 
[2017.06.19-09.33.40:050][177]LogMaterial: Missing cached shader map for material CircleBrushMaterial, compiling. 
[2017.06.19-09.33.40:068][177]LogMaterial: Missing cached shader map for material CircleBrushMaterial, compiling. 
[2017.06.19-09.33.40:088][177]LogMaterial: Missing cached shader map for material CircleBrushMaterial, compiling. 
[2017.06.19-09.33.40:109][177]LogMaterial: Missing cached shader map for material CircleBrushMaterial, compiling. 
[2017.06.19-09.33.40:136][177]LogMaterial: Missing cached shader map for material AlphaBrushMaterial, compiling. 
[2017.06.19-09.33.40:160][177]LogMaterial: Missing cached shader map for material CircleBrushMaterial, compiling. 
[2017.06.19-09.33.40:191][177]LogMaterial: Missing cached shader map for material MaskBrushMaterial, compiling. 
[2017.06.19-09.33.40:220][177]LogTexture:Display: 텍스처 빌드: Texture2D_2 (G8, 128X128)
[2017.06.19-09.33.50:367][736]LogEditorViewport: Clicking on Actor (LMB): Brush (Box 브러시2)
[2017.06.19-09.33.50:468][737]LogEditorViewport: Clicking on Actor (double click): Brush (Box 브러시2)
[2017.06.19-09.33.51:058][767]LogEditorViewport: Clicking on Actor (LMB): Brush (Box 브러시2)
[2017.06.19-09.33.51:157][768]LogEditorViewport: Clicking on Actor (double click): Brush (Box 브러시2)
[2017.06.19-09.33.51:473][782]LogEditorViewport: Clicking on Actor (LMB): Brush (Box 브러시2)
[2017.06.19-09.33.58:757][203]LogEditorViewport: Clicking on Actor (LMB): Brush (Box 브러시2)
[2017.06.19-09.33.59:562][249]LogEditorViewport: Clicking on Actor (LMB): Brush (Box 브러시2)
[2017.06.19-09.34.01:172][343]LogEditorViewport: Clicking on Actor (LMB): Brush (Box 브러시2)
[2017.06.19-09.34.01:292][348]LogEditorViewport: Clicking on Actor (double click): Brush (Box 브러시2)
[2017.06.19-09.34.01:597][364]LogEditorViewport: Clicking on Actor (LMB): Brush (Box 브러시2)
[2017.06.19-09.34.12:663][ 24]LogEditorViewport: Clicking on Actor (LMB): Brush (Box 브러시2)
[2017.06.19-09.34.13:117][ 49]LogEditorViewport: Clicking on Actor (LMB): Brush (Box 브러시2)
[2017.06.19-09.34.17:879][331]LogEditorViewport: Clicking on Actor (LMB): Brush (Box 브러시2)
[2017.06.19-09.34.17:947][333]LogEditorViewport: Clicking on Actor (double click): Brush (Box 브러시2)
[2017.06.19-09.34.24:206][706]LogEditorViewport: Clicking on Actor (LMB): Brush (Box 브러시2)
[2017.06.19-09.34.24:277][708]LogEditorViewport: Clicking on Actor (double click): Brush (Box 브러시2)
[2017.06.19-09.34.26:565][843]LogTexture:Display: 텍스처 빌드: Texture2D_3 (G8, 128X128)
[2017.06.19-09.34.47:784][104]Cmd: EDCALLBACK SURFPROPS
[2017.06.19-09.35.00:920][888]LogEditorViewport: Clicking on Actor (LMB): Brush (Box 브러시2)
[2017.06.19-09.35.03:524][ 42]LogEditorViewport: Clicking on Actor (LMB): Brush (Box 브러시2)
[2017.06.19-09.35.03:644][ 47]LogEditorViewport: Clicking on Actor (double click): Brush (Box 브러시2)
[2017.06.19-09.35.05:484][154]LogEditorViewport: Clicking on Actor (LMB): Brush (Box 브러시2)
[2017.06.19-09.35.05:636][161]LogEditorViewport: Clicking on Actor (double click): Brush (Box 브러시2)
[2017.06.19-09.35.05:964][178]LogEditorViewport: Clicking on Actor (LMB): Brush (Box 브러시2)
[2017.06.19-09.35.06:049][181]LogEditorViewport: Clicking on Actor (double click): Brush (Box 브러시2)
[2017.06.19-09.35.06:678][217]LogEditorViewport: Clicking on Actor (LMB): Brush (Box 브러시2)
[2017.06.19-09.35.07:079][239]LogEditorViewport: Clicking on Actor (LMB): Brush (Box 브러시2)
[2017.06.19-09.35.09:352][373]LogEditorViewport: Clicking on Actor (LMB): Brush (Box 브러시2)
[2017.06.19-09.35.12:227][543]LogEditorViewport: Clicking on Actor (LMB): Brush (Box 브러시2)
[2017.06.19-09.35.14:181][658]LogEditorViewport: Clicking on Actor (LMB): Brush (Box 브러시2)
[2017.06.19-09.35.14:265][661]LogEditorViewport: Clicking on Actor (double click): Brush (Box 브러시2)
[2017.06.19-09.35.14:876][696]LogEditorViewport: Clicking on Actor (LMB): Brush (Box 브러시2)
[2017.06.19-09.35.14:996][701]LogEditorViewport: Clicking on Actor (double click): Brush (Box 브러시2)
[2017.06.19-09.35.15:259][714]LogEditorViewport: Clicking on Actor (LMB): Brush (Box 브러시2)
[2017.06.19-09.35.15:410][721]LogEditorViewport: Clicking on Actor (double click): Brush (Box 브러시2)
[2017.06.19-09.35.17:703][856]LogEditorViewport: Clicking on Actor (LMB): Brush (Box 브러시2)
[2017.06.19-09.35.17:771][858]LogEditorViewport: Clicking on Actor (double click): Brush (Box 브러시2)
[2017.06.19-09.35.18:217][883]LogEditorViewport: Clicking on Actor (LMB): Brush (Box 브러시2)
[2017.06.19-09.35.18:683][909]LogEditorViewport: Clicking on Actor (context menu): Brush (Box 브러시2)
[2017.06.19-09.36.35:088][659]LogEditorViewport: Clicking on Actor (LMB): FloorBP_C (FloorBP)
[2017.06.19-09.36.42:299][ 78]LogEditorViewport: Clicking on Actor (LMB): FloorBP_C (FloorBP)
[2017.06.19-09.36.44:251][190]LogEditorViewport: Clicking on Actor (LMB): FloorBP_C (FloorBP)
[2017.06.19-09.36.55:652][866]LogEditorViewport: Clicking on Actor (LMB): FloorBP_C (FloorBP)
[2017.06.19-09.36.57:635][983]LogTemp: Repeting last play command: 선택된 뷰포트
[2017.06.19-09.36.57:653][983]LogPlayLevel: PlayLevel: No blueprints needed recompiling
[2017.06.19-09.36.57:653][983]PIE: New page: PIE 세션: FinalExamMap (2017. 6. 20. 오전 3:36:57)
[2017.06.19-09.36.57:653][983]LogPlayLevel: Creating play world package: /Game/UEDPIE_0_FinalExamMap
[2017.06.19-09.36.57:657][983]LogPlayLevel: PIE: StaticDuplicateObject took: (0.004352s)
[2017.06.19-09.36.57:658][983]LogAIModule: Creating AISystem for world FinalExamMap
[2017.06.19-09.36.57:659][983]LogPlayLevel: PIE: World Init took: (0.001292s)
[2017.06.19-09.36.57:659][983]LogPlayLevel: PIE: Created PIE world by copying editor world from /Game/FinalExamMap.FinalExamMap to /Game/UEDPIE_0_FinalExamMap.FinalExamMap (0.005947s)
[2017.06.19-09.36.57:677][983]LogInit: XAudio2 using '스피커(Realtek High Definition Audio)' : 2 channels at 48 kHz using 32 bits per sample (channel mask 0x3)
[2017.06.19-09.36.57:691][983]LogInit: FAudioDevice initialized.
[2017.06.19-09.36.57:720][983]LogLoad: Game class is 'ShooterGameMode_C'
[2017.06.19-09.36.57:724][983]LogWorld: Bringing World /Game/UEDPIE_0_FinalExamMap.FinalExamMap up for play (max tick rate 60) at 2017.06.19-18.36.57
[2017.06.19-09.36.57:725][983]LogWorld: Bringing up level for play took: 0.003147
[2017.06.19-09.36.57:726][983]PIE: 정보 /Game/UEDPIE_0_FinalExamMap 에 대한 에디터에서 플레이 시작 시간: -0.53
[2017.06.19-09.37.02:445][266]LogBlueprintUserMessages: [Enemy_2] Hello
[2017.06.19-09.37.02:446][266]Cmd: restartlevel
[2017.06.19-09.37.02:462][267]LogNet: Browse: /Game/FinalExamMap?restart
[2017.06.19-09.37.02:462][267]LogLoad: LoadMap: /Game/FinalExamMap
[2017.06.19-09.37.02:480][267]Cmd: MEM
[2017.06.19-09.37.02:493][267]LogMemory: Platform Memory Stats for Windows
[2017.06.19-09.37.02:493][267]LogMemory: Process Physical Memory: 1567.98 MB used, 1619.26 MB peak
[2017.06.19-09.37.02:493][267]LogMemory: Process Virtual Memory: 2602.93 MB used, 2602.93 MB peak
[2017.06.19-09.37.02:493][267]LogMemory: Physical Memory: 4932.91 MB used,  3147.70 MB free, 8080.61 MB total
[2017.06.19-09.37.02:493][267]LogMemory: Virtual Memory: 3506.52 MB used,  3147.70 MB free, 134217728.00 MB total
[2017.06.19-09.37.02:493][267]LogMemory: 
[2017.06.19-09.37.02:493][267]Allocator Stats for TBB: (not implemented)
[2017.06.19-09.37.02:493][267]LogPlayLevel: Creating play world package: /Game/UEDPIE_0_FinalExamMap
[2017.06.19-09.37.02:497][267]LogPlayLevel: PIE: StaticDuplicateObject took: (0.003602s)
[2017.06.19-09.37.02:497][267]LogAIModule: Creating AISystem for world FinalExamMap
[2017.06.19-09.37.02:497][267]LogPlayLevel: PIE: World Init took: (0.000552s)
[2017.06.19-09.37.02:498][267]LogPlayLevel: PIE: Created PIE world by copying editor world from /Game/FinalExamMap.FinalExamMap to /Game/UEDPIE_0_FinalExamMap.FinalExamMap (0.004383s)
[2017.06.19-09.37.02:498][267]LogLoad: Game class is 'ShooterGameMode_C'
[2017.06.19-09.37.02:501][267]LogWorld: Bringing World /Game/UEDPIE_0_FinalExamMap.FinalExamMap up for play (max tick rate 60) at 2017.06.19-18.37.02
[2017.06.19-09.37.02:502][267]LogWorld: Bringing up level for play took: 0.003154
[2017.06.19-09.37.02:503][267]LogLoad: Took 0.040815 seconds to LoadMap(/Game/UEDPIE_0_FinalExamMap)
[2017.06.19-09.38.13:391][489]LogTemp: Repeting last play command: 선택된 뷰포트
[2017.06.19-09.38.13:413][489]LogPlayLevel: PlayLevel: No blueprints needed recompiling
[2017.06.19-09.38.13:413][489]PIE: New page: PIE 세션: FinalExamMap (2017. 6. 20. 오전 3:38:13)
[2017.06.19-09.38.13:413][489]LogPlayLevel: Creating play world package: /Game/UEDPIE_0_FinalExamMap
[2017.06.19-09.38.13:417][489]LogPlayLevel: PIE: StaticDuplicateObject took: (0.003839s)
[2017.06.19-09.38.13:417][489]LogAIModule: Creating AISystem for world FinalExamMap
[2017.06.19-09.38.13:417][489]LogPlayLevel: PIE: World Init took: (0.000822s)
[2017.06.19-09.38.13:418][489]LogPlayLevel: PIE: Created PIE world by copying editor world from /Game/FinalExamMap.FinalExamMap to /Game/UEDPIE_0_FinalExamMap.FinalExamMap (0.004909s)
[2017.06.19-09.38.13:438][489]LogInit: XAudio2 using '스피커(Realtek High Definition Audio)' : 2 channels at 48 kHz using 32 bits per sample (channel mask 0x3)
[2017.06.19-09.38.13:453][489]LogInit: FAudioDevice initialized.
[2017.06.19-09.38.13:484][489]LogLoad: Game class is 'ShooterGameMode_C'
[2017.06.19-09.38.13:488][489]LogWorld: Bringing World /Game/UEDPIE_0_FinalExamMap.FinalExamMap up for play (max tick rate 60) at 2017.06.19-18.38.13
[2017.06.19-09.38.13:488][489]LogWorld: Bringing up level for play took: 0.002857
[2017.06.19-09.38.13:489][489]PIE: 정보 /Game/UEDPIE_0_FinalExamMap 에 대한 에디터에서 플레이 시작 시간: -0.767
[2017.06.19-09.38.16:723][683]LogBlueprintUserMessages: [Enemy2] Hello
[2017.06.19-09.38.16:723][683]Cmd: restartlevel
[2017.06.19-09.38.16:739][684]LogNet: Browse: /Game/FinalExamMap?restart
[2017.06.19-09.38.16:739][684]LogLoad: LoadMap: /Game/FinalExamMap
[2017.06.19-09.38.16:757][684]Cmd: MEM
[2017.06.19-09.38.16:770][684]LogMemory: Platform Memory Stats for Windows
[2017.06.19-09.38.16:770][684]LogMemory: Process Physical Memory: 1649.69 MB used, 1653.60 MB peak
[2017.06.19-09.38.16:770][684]LogMemory: Process Virtual Memory: 2545.31 MB used, 2705.50 MB peak
[2017.06.19-09.38.16:770][684]LogMemory: Physical Memory: 4962.07 MB used,  3118.54 MB free, 8080.61 MB total
[2017.06.19-09.38.16:770][684]LogMemory: Virtual Memory: 3514.42 MB used,  3118.54 MB free, 134217728.00 MB total
[2017.06.19-09.38.16:770][684]LogMemory: 
[2017.06.19-09.38.16:770][684]Allocator Stats for TBB: (not implemented)
[2017.06.19-09.38.16:770][684]LogPlayLevel: Creating play world package: /Game/UEDPIE_0_FinalExamMap
[2017.06.19-09.38.16:773][684]LogPlayLevel: PIE: StaticDuplicateObject took: (0.003601s)
[2017.06.19-09.38.16:774][684]LogAIModule: Creating AISystem for world FinalExamMap
[2017.06.19-09.38.16:774][684]LogPlayLevel: PIE: World Init took: (0.000544s)
[2017.06.19-09.38.16:774][684]LogPlayLevel: PIE: Created PIE world by copying editor world from /Game/FinalExamMap.FinalExamMap to /Game/UEDPIE_0_FinalExamMap.FinalExamMap (0.004460s)
[2017.06.19-09.38.16:774][684]LogLoad: Game class is 'ShooterGameMode_C'
[2017.06.19-09.38.16:778][684]LogWorld: Bringing World /Game/UEDPIE_0_FinalExamMap.FinalExamMap up for play (max tick rate 60) at 2017.06.19-18.38.16
[2017.06.19-09.38.16:779][684]LogWorld: Bringing up level for play took: 0.003121
[2017.06.19-09.38.16:780][684]LogLoad: Took 0.040367 seconds to LoadMap(/Game/UEDPIE_0_FinalExamMap)
[2017.06.19-09.38.25:961][235]LogBlueprintUserMessages: [Enemy_2] Hello
[2017.06.19-09.38.25:961][235]Cmd: restartlevel
[2017.06.19-09.38.25:977][236]LogNet: Browse: /Game/FinalExamMap?restart
[2017.06.19-09.38.25:977][236]LogLoad: LoadMap: /Game/FinalExamMap
[2017.06.19-09.38.25:999][236]Cmd: MEM
[2017.06.19-09.38.26:012][236]LogMemory: Platform Memory Stats for Windows
[2017.06.19-09.38.26:012][236]LogMemory: Process Physical Memory: 1597.17 MB used, 1653.60 MB peak
[2017.06.19-09.38.26:012][236]LogMemory: Process Virtual Memory: 2519.89 MB used, 2705.50 MB peak
[2017.06.19-09.38.26:012][236]LogMemory: Physical Memory: 4901.50 MB used,  3179.11 MB free, 8080.61 MB total
[2017.06.19-09.38.26:012][236]LogMemory: Virtual Memory: 3502.42 MB used,  3179.11 MB free, 134217728.00 MB total
[2017.06.19-09.38.26:012][236]LogMemory: 
[2017.06.19-09.38.26:012][236]Allocator Stats for TBB: (not implemented)
[2017.06.19-09.38.26:012][236]LogPlayLevel: Creating play world package: /Game/UEDPIE_0_FinalExamMap
[2017.06.19-09.38.26:016][236]LogPlayLevel: PIE: StaticDuplicateObject took: (0.003930s)
[2017.06.19-09.38.26:017][236]LogAIModule: Creating AISystem for world FinalExamMap
[2017.06.19-09.38.26:017][236]LogPlayLevel: PIE: World Init took: (0.000962s)
[2017.06.19-09.38.26:017][236]LogPlayLevel: PIE: Created PIE world by copying editor world from /Game/FinalExamMap.FinalExamMap to /Game/UEDPIE_0_FinalExamMap.FinalExamMap (0.005159s)
[2017.06.19-09.38.26:017][236]LogLoad: Game class is 'ShooterGameMode_C'
[2017.06.19-09.38.26:020][236]LogWorld: Bringing World /Game/UEDPIE_0_FinalExamMap.FinalExamMap up for play (max tick rate 60) at 2017.06.19-18.38.26
[2017.06.19-09.38.26:021][236]LogWorld: Bringing up level for play took: 0.002933
[2017.06.19-09.38.26:022][236]LogLoad: Took 0.044702 seconds to LoadMap(/Game/UEDPIE_0_FinalExamMap)
[2017.06.19-09.38.30:634][513]LogBlueprintUserMessages: [Enemy_2] Hello
[2017.06.19-09.38.30:634][513]Cmd: restartlevel
[2017.06.19-09.38.30:650][514]LogNet: Browse: /Game/FinalExamMap?restart
[2017.06.19-09.38.30:651][514]LogLoad: LoadMap: /Game/FinalExamMap
[2017.06.19-09.38.30:668][514]Cmd: MEM
[2017.06.19-09.38.30:680][514]LogMemory: Platform Memory Stats for Windows
[2017.06.19-09.38.30:681][514]LogMemory: Process Physical Memory: 1597.68 MB used, 1653.60 MB peak
[2017.06.19-09.38.30:681][514]LogMemory: Process Virtual Memory: 2523.58 MB used, 2705.50 MB peak
[2017.06.19-09.38.30:681][514]LogMemory: Physical Memory: 4901.75 MB used,  3178.86 MB free, 8080.61 MB total
[2017.06.19-09.38.30:681][514]LogMemory: Virtual Memory: 3502.42 MB used,  3178.86 MB free, 134217728.00 MB total
[2017.06.19-09.38.30:681][514]LogMemory: 
[2017.06.19-09.38.30:681][514]Allocator Stats for TBB: (not implemented)
[2017.06.19-09.38.30:681][514]LogPlayLevel: Creating play world package: /Game/UEDPIE_0_FinalExamMap
[2017.06.19-09.38.30:684][514]LogPlayLevel: PIE: StaticDuplicateObject took: (0.003533s)
[2017.06.19-09.38.30:685][514]LogAIModule: Creating AISystem for world FinalExamMap
[2017.06.19-09.38.30:685][514]LogPlayLevel: PIE: World Init took: (0.000561s)
[2017.06.19-09.38.30:685][514]LogPlayLevel: PIE: Created PIE world by copying editor world from /Game/FinalExamMap.FinalExamMap to /Game/UEDPIE_0_FinalExamMap.FinalExamMap (0.004299s)
[2017.06.19-09.38.30:685][514]LogLoad: Game class is 'ShooterGameMode_C'
[2017.06.19-09.38.30:688][514]LogWorld: Bringing World /Game/UEDPIE_0_FinalExamMap.FinalExamMap up for play (max tick rate 60) at 2017.06.19-18.38.30
[2017.06.19-09.38.30:689][514]LogWorld: Bringing up level for play took: 0.003040
[2017.06.19-09.38.30:690][514]LogLoad: Took 0.039885 seconds to LoadMap(/Game/UEDPIE_0_FinalExamMap)
[2017.06.19-09.38.57:581][116]Cmd: OBJ SAVEPACKAGE PACKAGE="/Game/FinalExamMap" FILE="../../../../../../Users/yang/Documents/Unreal Projects/exam/Content/FinalExamMap.umap" SILENT=true AUTOSAVING=false KEEPDIRTY=false
[2017.06.19-09.38.57:678][116]LogSavePackage: Save=73.82ms
[2017.06.19-09.38.57:678][116]LogSavePackage: Moving '../../../../../../Users/yang/Documents/Unreal Projects/exam/Saved/FinalExamMap44C321E449740A8DD7A9FD9B5038F3C9.tmp' to '../../../../../../Users/yang/Documents/Unreal Projects/exam/Content/FinalExamMap.umap'
[2017.06.19-09.38.57:682][116]LogSavePackage:Display: Finished SavePackage ../../../../../../Users/yang/Documents/Unreal Projects/exam/Content/FinalExamMap.umap
[2017.06.19-09.38.57:715][116]LogFileHelpers: Saving map 'FinalExamMap' took 0.197
[2017.06.19-09.38.57:752][116]Cmd: OBJ SAVEPACKAGE PACKAGE="/Game/BP/bulletItemBP" FILE="../../../../../../Users/yang/Documents/Unreal Projects/exam/Content/BP/bulletItemBP.uasset" SILENT=true
[2017.06.19-09.38.57:785][116]LogSavePackage: Save=25.23ms
[2017.06.19-09.38.57:785][116]LogSavePackage: Moving '../../../../../../Users/yang/Documents/Unreal Projects/exam/Saved/bulletItemBP7A6CCCDF47C8285B2919009DB25B2B30.tmp' to '../../../../../../Users/yang/Documents/Unreal Projects/exam/Content/BP/bulletItemBP.uasset'
[2017.06.19-09.38.57:787][116]LogSavePackage:Display: Finished SavePackage ../../../../../../Users/yang/Documents/Unreal Projects/exam/Content/BP/bulletItemBP.uasset
[2017.06.19-09.41.34:405][252]LogTemp: Repeting last play command: 선택된 뷰포트
[2017.06.19-09.41.34:423][252]LogPlayLevel: PlayLevel: No blueprints needed recompiling
[2017.06.19-09.41.34:423][252]PIE: New page: PIE 세션: FinalExamMap (2017. 6. 20. 오전 3:41:34)
[2017.06.19-09.41.34:424][252]LogPlayLevel: Creating play world package: /Game/UEDPIE_0_FinalExamMap
[2017.06.19-09.41.34:428][252]LogPlayLevel: PIE: StaticDuplicateObject took: (0.004562s)
[2017.06.19-09.41.34:429][252]LogAIModule: Creating AISystem for world FinalExamMap
[2017.06.19-09.41.34:429][252]LogPlayLevel: PIE: World Init took: (0.000718s)
[2017.06.19-09.41.34:429][252]LogPlayLevel: PIE: Created PIE world by copying editor world from /Game/FinalExamMap.FinalExamMap to /Game/UEDPIE_0_FinalExamMap.FinalExamMap (0.005462s)
[2017.06.19-09.41.34:446][252]LogInit: XAudio2 using '스피커(Realtek High Definition Audio)' : 2 channels at 48 kHz using 32 bits per sample (channel mask 0x3)
[2017.06.19-09.41.34:461][252]LogInit: FAudioDevice initialized.
[2017.06.19-09.41.34:499][252]LogLoad: Game class is 'ShooterGameMode_C'
[2017.06.19-09.41.34:502][252]LogWorld: Bringing World /Game/UEDPIE_0_FinalExamMap.FinalExamMap up for play (max tick rate 60) at 2017.06.19-18.41.34
[2017.06.19-09.41.34:503][252]LogWorld: Bringing up level for play took: 0.002954
[2017.06.19-09.41.34:504][252]PIE: 정보 /Game/UEDPIE_0_FinalExamMap 에 대한 에디터에서 플레이 시작 시간: 0.249
[2017.06.19-09.41.37:379][417]LogTemp: Repeting last play command: 선택된 뷰포트
[2017.06.19-09.41.37:398][417]LogPlayLevel: PlayLevel: No blueprints needed recompiling
[2017.06.19-09.41.37:398][417]PIE: New page: PIE 세션: FinalExamMap (2017. 6. 20. 오전 3:41:37)
[2017.06.19-09.41.37:398][417]LogPlayLevel: Creating play world package: /Game/UEDPIE_0_FinalExamMap
[2017.06.19-09.41.37:402][417]LogPlayLevel: PIE: StaticDuplicateObject took: (0.003882s)
[2017.06.19-09.41.37:403][417]LogAIModule: Creating AISystem for world FinalExamMap
[2017.06.19-09.41.37:403][417]LogPlayLevel: PIE: World Init took: (0.000721s)
[2017.06.19-09.41.37:403][417]LogPlayLevel: PIE: Created PIE world by copying editor world from /Game/FinalExamMap.FinalExamMap to /Game/UEDPIE_0_FinalExamMap.FinalExamMap (0.004789s)
[2017.06.19-09.41.37:425][417]LogInit: XAudio2 using '스피커(Realtek High Definition Audio)' : 2 channels at 48 kHz using 32 bits per sample (channel mask 0x3)
[2017.06.19-09.41.37:439][417]LogInit: FAudioDevice initialized.
[2017.06.19-09.41.37:471][417]LogLoad: Game class is 'ShooterGameMode_C'
[2017.06.19-09.41.37:474][417]LogWorld: Bringing World /Game/UEDPIE_0_FinalExamMap.FinalExamMap up for play (max tick rate 60) at 2017.06.19-18.41.37
[2017.06.19-09.41.37:475][417]LogWorld: Bringing up level for play took: 0.003053
[2017.06.19-09.41.37:476][417]PIE: 정보 /Game/UEDPIE_0_FinalExamMap 에 대한 에디터에서 플레이 시작 시간: -0.78
[2017.06.19-09.42.31:267][711]LogSlate: Only BGRA pngs, bmps or icos are supported in by External Image Picker
[2017.06.19-09.42.31:943][713]LogTemp: Executing iPhonePackager certificates Engine -bundlename com.YourCompany.exam
[2017.06.19-09.42.31:943][713]LogTemp: CWD: C:\Program Files\Epic Games\UE_4.16\Engine\Binaries\DotNET\IOS
[2017.06.19-09.42.31:943][713]LogTemp: Initial Dir: C:\Program Files\Epic Games\UE_4.16
[2017.06.19-09.42.31:943][713]LogTemp: Env CWD: C:\Program Files\Epic Games\UE_4.16\Engine\Binaries\DotNET\IOS
[2017.06.19-09.42.31:943][713]LogTemp: BranchPath = DESKTOP-ECVEE0L/C/Program Files/Epic Games/UE_4.16/Engine/Binaries --- GameBranchPath = DESKTOP-ECVEE0L/C/Program Files/Epic Games/UE_4.16/Engine/Binaries
[2017.06.19-09.42.31:952][713]LogTemp: IPP ERROR: Could not find provision directory 'C:\Users\yang\AppData\Local/Apple Computer/MobileDevice/Provisioning Profiles/'.
[2017.06.19-09.43.13:969][903]Cmd: OBJ SAVEPACKAGE PACKAGE="/Game/BP/HeroBP" FILE="../../../../../../Users/yang/Documents/Unreal Projects/exam/Content/BP/HeroBP.uasset" SILENT=true
[2017.06.19-09.43.14:041][903]LogSavePackage: Save=64.32ms
[2017.06.19-09.43.14:041][903]LogSavePackage: Moving '../../../../../../Users/yang/Documents/Unreal Projects/exam/Saved/HeroBP99307D0949E1D15C1A098C84DCD99FA6.tmp' to '../../../../../../Users/yang/Documents/Unreal Projects/exam/Content/BP/HeroBP.uasset'
[2017.06.19-09.43.14:047][903]LogSavePackage:Display: Finished SavePackage ../../../../../../Users/yang/Documents/Unreal Projects/exam/Content/BP/HeroBP.uasset
[2017.06.19-09.43.19:555][210]BlueprintLog: New page: HeroBP 컴파일
[2017.06.19-09.43.24:750][479]LogActorComponent: UnregisterComponent: (/Engine/Transient.EditorFloorComp) Not registered. Aborting.
[2017.06.19-09.43.25:448][516]LogTemp: Repeting last play command: 선택된 뷰포트
[2017.06.19-09.43.25:475][516]LogPlayLevel: PlayLevel: No blueprints needed recompiling
[2017.06.19-09.43.25:475][516]PIE: New page: PIE 세션: FinalExamMap (2017. 6. 20. 오전 3:43:25)
[2017.06.19-09.43.25:475][516]LogPlayLevel: Creating play world package: /Game/UEDPIE_0_FinalExamMap
[2017.06.19-09.43.25:479][516]LogPlayLevel: PIE: StaticDuplicateObject took: (0.003858s)
[2017.06.19-09.43.25:480][516]LogAIModule: Creating AISystem for world FinalExamMap
[2017.06.19-09.43.25:480][516]LogPlayLevel: PIE: World Init took: (0.000871s)
[2017.06.19-09.43.25:480][516]LogPlayLevel: PIE: Created PIE world by copying editor world from /Game/FinalExamMap.FinalExamMap to /Game/UEDPIE_0_FinalExamMap.FinalExamMap (0.004927s)
[2017.06.19-09.43.25:497][516]LogInit: XAudio2 using '스피커(Realtek High Definition Audio)' : 2 channels at 48 kHz using 32 bits per sample (channel mask 0x3)
[2017.06.19-09.43.25:515][516]LogInit: FAudioDevice initialized.
[2017.06.19-09.43.25:548][516]LogLoad: Game class is 'ShooterGameMode_C'
[2017.06.19-09.43.25:551][516]LogWorld: Bringing World /Game/UEDPIE_0_FinalExamMap.FinalExamMap up for play (max tick rate 60) at 2017.06.19-18.43.25
[2017.06.19-09.43.25:552][516]LogWorld: Bringing up level for play took: 0.003120
[2017.06.19-09.43.25:553][516]PIE: 정보 /Game/UEDPIE_0_FinalExamMap 에 대한 에디터에서 플레이 시작 시간: -0.703
[2017.06.19-09.44.23:713][901]BlueprintLog: New page: HeroBP 컴파일
[2017.06.19-09.44.25:522][995]LogTemp: Repeting last play command: 선택된 뷰포트
[2017.06.19-09.44.25:542][995]LogPlayLevel: PlayLevel: No blueprints needed recompiling
[2017.06.19-09.44.25:542][995]PIE: New page: PIE 세션: FinalExamMap (2017. 6. 20. 오전 3:44:25)
[2017.06.19-09.44.25:542][995]LogPlayLevel: Creating play world package: /Game/UEDPIE_0_FinalExamMap
[2017.06.19-09.44.25:546][995]LogPlayLevel: PIE: StaticDuplicateObject took: (0.004108s)
[2017.06.19-09.44.25:547][995]LogAIModule: Creating AISystem for world FinalExamMap
[2017.06.19-09.44.25:547][995]LogPlayLevel: PIE: World Init took: (0.000849s)
[2017.06.19-09.44.25:547][995]LogPlayLevel: PIE: Created PIE world by copying editor world from /Game/FinalExamMap.FinalExamMap to /Game/UEDPIE_0_FinalExamMap.FinalExamMap (0.005148s)
[2017.06.19-09.44.25:563][995]LogInit: XAudio2 using '스피커(Realtek High Definition Audio)' : 2 channels at 48 kHz using 32 bits per sample (channel mask 0x3)
[2017.06.19-09.44.25:578][995]LogInit: FAudioDevice initialized.
[2017.06.19-09.44.25:606][995]LogLoad: Game class is 'ShooterGameMode_C'
[2017.06.19-09.44.25:610][995]LogWorld: Bringing World /Game/UEDPIE_0_FinalExamMap.FinalExamMap up for play (max tick rate 60) at 2017.06.19-18.44.25
[2017.06.19-09.44.25:611][995]LogWorld: Bringing up level for play took: 0.002885
[2017.06.19-09.44.25:612][995]PIE: 정보 /Game/UEDPIE_0_FinalExamMap 에 대한 에디터에서 플레이 시작 시간: -0.644
[2017.06.19-09.44.34:660][502]BlueprintLog: New page: HeroBP 컴파일
[2017.06.19-09.45.04:183][506]LogRenderer: Reallocating scene render targets to support 912x540 NumSamples 1 (Frame:1).
[2017.06.19-09.45.07:965][726]LogActorComponent: UnregisterComponent: (/Engine/Transient.EditorFloorComp) Not registered. Aborting.
[2017.06.19-09.45.11:464][932]LogEditorViewport: Clicking on Actor (LMB): FloorBP_C (FloorBP)
[2017.06.19-09.45.11:792][951]LogEditorViewport: Clicking on Actor (context menu): FloorBP_C (FloorBP)
[2017.06.19-09.45.12:094][968]Cmd: CAMERA ALIGN ACTIVEVIEWPORTONLY
[2017.06.19-09.45.14:164][ 92]LogTemp: Repeting last play command: 선택된 뷰포트
[2017.06.19-09.45.14:191][ 92]LogPlayLevel: PlayLevel: No blueprints needed recompiling
[2017.06.19-09.45.14:191][ 92]PIE: New page: PIE 세션: FinalExamMap (2017. 6. 20. 오전 3:45:14)
[2017.06.19-09.45.14:191][ 92]LogPlayLevel: Creating play world package: /Game/UEDPIE_0_FinalExamMap
[2017.06.19-09.45.14:196][ 92]LogPlayLevel: PIE: StaticDuplicateObject took: (0.004445s)
[2017.06.19-09.45.14:196][ 92]LogAIModule: Creating AISystem for world FinalExamMap
[2017.06.19-09.45.14:197][ 92]LogPlayLevel: PIE: World Init took: (0.001018s)
[2017.06.19-09.45.14:197][ 92]LogPlayLevel: PIE: Created PIE world by copying editor world from /Game/FinalExamMap.FinalExamMap to /Game/UEDPIE_0_FinalExamMap.FinalExamMap (0.005693s)
[2017.06.19-09.45.14:216][ 92]LogInit: XAudio2 using '스피커(Realtek High Definition Audio)' : 2 channels at 48 kHz using 32 bits per sample (channel mask 0x3)
[2017.06.19-09.45.14:232][ 92]LogInit: FAudioDevice initialized.
[2017.06.19-09.45.14:263][ 92]LogLoad: Game class is 'ShooterGameMode_C'
[2017.06.19-09.45.14:267][ 92]LogWorld: Bringing World /Game/UEDPIE_0_FinalExamMap.FinalExamMap up for play (max tick rate 60) at 2017.06.19-18.45.14
[2017.06.19-09.45.14:267][ 92]LogWorld: Bringing up level for play took: 0.003792
[2017.06.19-09.45.14:269][ 92]PIE: 정보 /Game/UEDPIE_0_FinalExamMap 에 대한 에디터에서 플레이 시작 시간: 0.013
[2017.06.19-09.45.22:204][568]LogBlueprintUserMessages: [Enemy_2] Hello
[2017.06.19-09.45.22:204][568]Cmd: restartlevel
[2017.06.19-09.45.22:220][569]LogNet: Browse: /Game/FinalExamMap?restart
[2017.06.19-09.45.22:221][569]LogLoad: LoadMap: /Game/FinalExamMap
[2017.06.19-09.45.22:238][569]Cmd: MEM
[2017.06.19-09.45.22:253][569]LogMemory: Platform Memory Stats for Windows
[2017.06.19-09.45.22:253][569]LogMemory: Process Physical Memory: 1669.53 MB used, 1944.85 MB peak
[2017.06.19-09.45.22:253][569]LogMemory: Process Virtual Memory: 2632.63 MB used, 3026.95 MB peak
[2017.06.19-09.45.22:253][569]LogMemory: Physical Memory: 4819.63 MB used,  3260.98 MB free, 8080.61 MB total
[2017.06.19-09.45.22:253][569]LogMemory: Virtual Memory: 3650.30 MB used,  3260.98 MB free, 134217728.00 MB total
[2017.06.19-09.45.22:253][569]LogMemory: 
[2017.06.19-09.45.22:253][569]Allocator Stats for TBB: (not implemented)
[2017.06.19-09.45.22:253][569]LogPlayLevel: Creating play world package: /Game/UEDPIE_0_FinalExamMap
[2017.06.19-09.45.22:257][569]LogPlayLevel: PIE: StaticDuplicateObject took: (0.004110s)
[2017.06.19-09.45.22:258][569]LogAIModule: Creating AISystem for world FinalExamMap
[2017.06.19-09.45.22:258][569]LogPlayLevel: PIE: World Init took: (0.000606s)
[2017.06.19-09.45.22:258][569]LogPlayLevel: PIE: Created PIE world by copying editor world from /Game/FinalExamMap.FinalExamMap to /Game/UEDPIE_0_FinalExamMap.FinalExamMap (0.004911s)
[2017.06.19-09.45.22:258][569]LogLoad: Game class is 'ShooterGameMode_C'
[2017.06.19-09.45.22:262][569]LogWorld: Bringing World /Game/UEDPIE_0_FinalExamMap.FinalExamMap up for play (max tick rate 60) at 2017.06.19-18.45.22
[2017.06.19-09.45.22:263][569]LogWorld: Bringing up level for play took: 0.003440
[2017.06.19-09.45.22:264][569]LogLoad: Took 0.043445 seconds to LoadMap(/Game/UEDPIE_0_FinalExamMap)
[2017.06.19-09.45.35:743][378]LogBlueprintUserMessages: [Enemy2] Hello
[2017.06.19-09.45.35:743][378]Cmd: restartlevel
[2017.06.19-09.45.35:759][379]LogNet: Browse: /Game/FinalExamMap?restart
[2017.06.19-09.45.35:760][379]LogLoad: LoadMap: /Game/FinalExamMap
[2017.06.19-09.45.35:777][379]Cmd: MEM
[2017.06.19-09.45.35:789][379]LogMemory: Platform Memory Stats for Windows
[2017.06.19-09.45.35:789][379]LogMemory: Process Physical Memory: 1653.60 MB used, 1944.85 MB peak
[2017.06.19-09.45.35:789][379]LogMemory: Process Virtual Memory: 2586.08 MB used, 3026.95 MB peak
[2017.06.19-09.45.35:789][379]LogMemory: Physical Memory: 4803.38 MB used,  3277.23 MB free, 8080.61 MB total
[2017.06.19-09.45.35:789][379]LogMemory: Virtual Memory: 3632.92 MB used,  3277.23 MB free, 134217728.00 MB total
[2017.06.19-09.45.35:789][379]LogMemory: 
[2017.06.19-09.45.35:789][379]Allocator Stats for TBB: (not implemented)
[2017.06.19-09.45.35:789][379]LogPlayLevel: Creating play world package: /Game/UEDPIE_0_FinalExamMap
[2017.06.19-09.45.35:793][379]LogPlayLevel: PIE: StaticDuplicateObject took: (0.003435s)
[2017.06.19-09.45.35:793][379]LogAIModule: Creating AISystem for world FinalExamMap
[2017.06.19-09.45.35:793][379]LogPlayLevel: PIE: World Init took: (0.000602s)
[2017.06.19-09.45.35:793][379]LogPlayLevel: PIE: Created PIE world by copying editor world from /Game/FinalExamMap.FinalExamMap to /Game/UEDPIE_0_FinalExamMap.FinalExamMap (0.004217s)
[2017.06.19-09.45.35:793][379]LogLoad: Game class is 'ShooterGameMode_C'
[2017.06.19-09.45.35:796][379]LogWorld: Bringing World /Game/UEDPIE_0_FinalExamMap.FinalExamMap up for play (max tick rate 60) at 2017.06.19-18.45.35
[2017.06.19-09.45.35:797][379]LogWorld: Bringing up level for play took: 0.002914
[2017.06.19-09.45.35:798][379]LogLoad: Took 0.038713 seconds to LoadMap(/Game/UEDPIE_0_FinalExamMap)
[2017.06.19-09.48.28:662][964]Cmd: OBJ SAVEPACKAGE PACKAGE="/Game/BP/HeroBP" FILE="../../../../../../Users/yang/Documents/Unreal Projects/exam/Content/BP/HeroBP.uasset" SILENT=true
[2017.06.19-09.48.28:746][964]LogSavePackage: Save=69.64ms
[2017.06.19-09.48.28:746][964]LogSavePackage: Moving '../../../../../../Users/yang/Documents/Unreal Projects/exam/Saved/HeroBPADF4C41A45DB58A14EB3AEA747819D6B.tmp' to '../../../../../../Users/yang/Documents/Unreal Projects/exam/Content/BP/HeroBP.uasset'
[2017.06.19-09.48.28:750][964]LogSavePackage:Display: Finished SavePackage ../../../../../../Users/yang/Documents/Unreal Projects/exam/Content/BP/HeroBP.uasset
[2017.06.19-09.48.28:821][964]Cmd: OBJ SAVEPACKAGE PACKAGE="/Game/FinalExamMap" FILE="../../../../../../Users/yang/Documents/Unreal Projects/exam/Content/FinalExamMap.umap" SILENT=true AUTOSAVING=false KEEPDIRTY=false
[2017.06.19-09.48.28:917][964]LogSavePackage: Save=72.67ms
[2017.06.19-09.48.28:917][964]LogSavePackage: Moving '../../../../../../Users/yang/Documents/Unreal Projects/exam/Saved/FinalExamMap932F426447B839F639375F8CC8319446.tmp' to '../../../../../../Users/yang/Documents/Unreal Projects/exam/Content/FinalExamMap.umap'
[2017.06.19-09.48.28:921][964]LogSavePackage:Display: Finished SavePackage ../../../../../../Users/yang/Documents/Unreal Projects/exam/Content/FinalExamMap.umap
[2017.06.19-09.48.28:960][964]LogFileHelpers: Saving map 'FinalExamMap' took 0.207
[2017.06.19-09.48.29:276][965]Cmd: QUIT_EDITOR
[2017.06.19-09.48.30:057][965]LogWindowsTextInputMethodSystem:Display: IME system now activated using TSF (Microsoft 입력기).
[2017.06.19-09.48.30:070][965]LogExit: Preparing to exit.
[2017.06.19-09.48.31:303][965]LogDirectoryWatcher: A directory notification for 'C:/Users/yang/Documents/Unreal Projects/exam/Content/' was aborted.
[2017.06.19-09.48.31:342][965]LogExit: Editor shut down
[2017.06.19-09.48.31:347][965]LogExit: Transaction tracking system shut down
[2017.06.19-09.48.31:430][965]LogObj: Freed 0b from 0 cluster array pools.
[2017.06.19-09.48.31:430][965]LogExit: Object subsystem successfully closed.
[2017.06.19-09.48.31:445][965]LogD3D11RHI: Shutdown
[2017.06.19-09.48.31:445][965]LogD3D11RHI: CleanupD3DDevice
[2017.06.19-09.48.31:542][965]LogD3D11RHI: ~FD3D11DynamicRHI
[2017.06.19-09.48.31:557][965]LogModuleManager: Shutting down and abandoning module ExternalImagePicker (532)
[2017.06.19-09.48.31:557][965]LogModuleManager: Shutting down and abandoning module BlueprintGraph (530)
[2017.06.19-09.48.31:557][965]LogModuleManager: Shutting down and abandoning module BlueprintProfiler (528)
[2017.06.19-09.48.31:557][965]LogModuleManager: Shutting down and abandoning module MovieSceneCapture (526)
[2017.06.19-09.48.31:557][965]LogModuleManager: Shutting down and abandoning module HierarchicalLODOutliner (524)
[2017.06.19-09.48.31:557][965]LogModuleManager: Shutting down and abandoning module CrashTracker (522)
[2017.06.19-09.48.31:557][965]LogModuleManager: Shutting down and abandoning module SceneOutliner (520)
[2017.06.19-09.48.31:557][965]LogModuleManager: Shutting down and abandoning module AddContentDialog (518)
[2017.06.19-09.48.31:557][965]LogDirectoryWatcher: A directory notification for 'C:/Program Files/Epic Games/UE_4.16/FeaturePacks/' was aborted.
[2017.06.19-09.48.31:558][965]LogModuleManager: Shutting down and abandoning module WidgetCarousel (517)
[2017.06.19-09.48.31:558][965]LogModuleManager: Shutting down and abandoning module EditorWidgets (514)
[2017.06.19-09.48.31:558][965]LogModuleManager: Shutting down and abandoning module CollectionManager (512)
[2017.06.19-09.48.31:558][965]LogDirectoryWatcher: A directory notification for 'C:/Users/yang/Documents/Unreal Projects/exam/Content/Collections/' was aborted.
[2017.06.19-09.48.31:558][965]LogDirectoryWatcher: A directory notification for 'C:/Users/yang/Documents/Unreal Projects/exam/Content/Developers/yang/Collections/' was aborted.
[2017.06.19-09.48.31:558][965]LogDirectoryWatcher: A directory notification for 'C:/Users/yang/Documents/Unreal Projects/exam/Saved/Collections/' was aborted.
[2017.06.19-09.48.31:558][965]LogModuleManager: Shutting down and abandoning module StatsViewer (510)
[2017.06.19-09.48.31:558][965]LogModuleManager: Shutting down and abandoning module FoliageEdit (508)
[2017.06.19-09.48.31:558][965]LogModuleManager: Shutting down and abandoning module LandscapeEditor (506)
[2017.06.19-09.48.31:558][965]LogModuleManager: Shutting down and abandoning module MeshPaintMode (504)
[2017.06.19-09.48.31:558][965]LogModuleManager: Shutting down and abandoning module SceneDepthPickerMode (502)
[2017.06.19-09.48.31:558][965]LogModuleManager: Shutting down and abandoning module ActorPickerMode (500)
[2017.06.19-09.48.31:558][965]LogModuleManager: Shutting down and abandoning module GeometryMode (498)
[2017.06.19-09.48.31:558][965]LogModuleManager: Shutting down and abandoning module TextureAlignMode (496)
[2017.06.19-09.48.31:558][965]LogModuleManager: Shutting down and abandoning module BspMode (494)
[2017.06.19-09.48.31:558][965]LogModuleManager: Shutting down and abandoning module HardwareSurvey (492)
[2017.06.19-09.48.31:558][965]LogModuleManager: Shutting down and abandoning module SequenceRecorderSections (490)
[2017.06.19-09.48.31:558][965]LogModuleManager: Shutting down and abandoning module AutomationWorker (488)
[2017.06.19-09.48.31:559][965]LogModuleManager: Shutting down and abandoning module MatineeToLevelSequence (486)
[2017.06.19-09.48.31:559][965]LogModuleManager: Shutting down and abandoning module LevelSequenceEditor (484)
[2017.06.19-09.48.31:559][965]LogModuleManager: Shutting down and abandoning module PlacementMode (483)
[2017.06.19-09.48.31:559][965]LogModuleManager: Shutting down and abandoning module WmfMediaFactory (480)
[2017.06.19-09.48.31:559][965]LogModuleManager: Shutting down and abandoning module WmfMediaEditor (478)
[2017.06.19-09.48.31:559][965]LogModuleManager: Shutting down and abandoning module AvfMediaFactory (476)
[2017.06.19-09.48.31:559][965]LogModuleManager: Shutting down and abandoning module AvfMediaEditor (474)
[2017.06.19-09.48.31:559][965]LogModuleManager: Shutting down and abandoning module AndroidMediaFactory (472)
[2017.06.19-09.48.31:559][965]LogModuleManager: Shutting down and abandoning module Media (471)
[2017.06.19-09.48.31:559][965]LogModuleManager: Shutting down and abandoning module AndroidMediaEditor (468)
[2017.06.19-09.48.31:559][965]LogModuleManager: Shutting down and abandoning module CharacterAI (466)
[2017.06.19-09.48.31:559][965]LogModuleManager: Shutting down and abandoning module AudioCapture (464)
[2017.06.19-09.48.31:559][965]LogModuleManager: Shutting down and abandoning module SequenceRecorder (463)
[2017.06.19-09.48.31:559][965]LogModuleManager: Shutting down and abandoning module SmartSnapping (460)
[2017.06.19-09.48.31:559][965]LogModuleManager: Shutting down and abandoning module SessionServices (458)
[2017.06.19-09.48.31:559][965]LogModuleManager: Shutting down and abandoning module ViewportSnapping (456)
[2017.06.19-09.48.31:559][965]LogModuleManager: Shutting down and abandoning module ViewportInteraction (454)
[2017.06.19-09.48.31:559][965]LogModuleManager: Shutting down and abandoning module ClothPainter (452)
[2017.06.19-09.48.31:559][965]LogModuleManager: Shutting down and abandoning module LogVisualizer (450)
[2017.06.19-09.48.31:559][965]LogModuleManager: Shutting down and abandoning module IntroTutorials (448)
[2017.06.19-09.48.31:559][965]LogModuleManager: Shutting down and abandoning module GameProjectGeneration (447)
[2017.06.19-09.48.31:559][965]LogModuleManager: Shutting down and abandoning module EditorLiveStreaming (444)
[2017.06.19-09.48.31:559][965]LogModuleManager: Shutting down and abandoning module IOSPlatformEditor (442)
[2017.06.19-09.48.31:559][965]LogModuleManager: Shutting down and abandoning module HTML5PlatformEditor (440)
[2017.06.19-09.48.31:559][965]LogModuleManager: Shutting down and abandoning module AndroidPlatformEditor (438)
[2017.06.19-09.48.31:559][965]LogModuleManager: Shutting down and abandoning module AndroidDeviceDetection (437)
[2017.06.19-09.48.32:205][965]LogModuleManager: Shutting down and abandoning module IOSRuntimeSettings (434)
[2017.06.19-09.48.32:205][965]LogModuleManager: Shutting down and abandoning module AndroidRuntimeSettings (432)
[2017.06.19-09.48.32:205][965]LogModuleManager: Shutting down and abandoning module InputBindingEditor (430)
[2017.06.19-09.48.32:205][965]LogModuleManager: Shutting down and abandoning module MergeActors (428)
[2017.06.19-09.48.32:205][965]LogModuleManager: Shutting down and abandoning module SizeMap (426)
[2017.06.19-09.48.32:205][965]LogModuleManager: Shutting down and abandoning module TreeMap (424)
[2017.06.19-09.48.32:205][965]LogModuleManager: Shutting down and abandoning module ReferenceViewer (422)
[2017.06.19-09.48.32:205][965]LogModuleManager: Shutting down and abandoning module LocalizationDashboard (420)
[2017.06.19-09.48.32:205][965]LogModuleManager: Shutting down and abandoning module LocalizationService (419)
[2017.06.19-09.48.32:205][965]LogModuleManager: Shutting down and abandoning module HardwareTargeting (416)
[2017.06.19-09.48.32:205][965]LogModuleManager: Shutting down and abandoning module DeviceProfileEditor (414)
[2017.06.19-09.48.32:205][965]LogModuleManager: Shutting down and abandoning module UndoHistory (412)
[2017.06.19-09.48.32:205][965]LogModuleManager: Shutting down and abandoning module UserFeedback (410)
[2017.06.19-09.48.32:205][965]LogModuleManager: Shutting down and abandoning module XmlParser (408)
[2017.06.19-09.48.32:205][965]LogModuleManager: Shutting down and abandoning module Blutility (406)
[2017.06.19-09.48.32:205][965]LogModuleManager: Shutting down and abandoning module ProjectSettingsViewer (404)
[2017.06.19-09.48.32:205][965]LogModuleManager: Shutting down and abandoning module ProjectTargetPlatformEditor (403)
[2017.06.19-09.48.32:205][965]LogModuleManager: Shutting down and abandoning module EditorSettingsViewer (400)
[2017.06.19-09.48.32:206][965]LogModuleManager: Shutting down and abandoning module SettingsEditor (398)
[2017.06.19-09.48.32:206][965]LogModuleManager: Shutting down and abandoning module ProjectLauncher (396)
[2017.06.19-09.48.32:206][965]LogModuleManager: Shutting down and abandoning module SessionFrontend (394)
[2017.06.19-09.48.32:206][965]LogModuleManager: Shutting down and abandoning module ProfilerClient (392)
[2017.06.19-09.48.32:206][965]LogModuleManager: Shutting down and abandoning module DeviceManager (390)
[2017.06.19-09.48.32:206][965]LogModuleManager: Shutting down and abandoning module TargetDeviceServices (389)
[2017.06.19-09.48.32:258][965]LogModuleManager: Shutting down and abandoning module AutomationController (386)
[2017.06.19-09.48.32:258][965]LogModuleManager: Shutting down and abandoning module AutomationWindow (384)
[2017.06.19-09.48.32:258][965]LogModuleManager: Shutting down and abandoning module Layers (382)
[2017.06.19-09.48.32:258][965]LogModuleManager: Shutting down and abandoning module ComponentVisualizers (380)
[2017.06.19-09.48.32:258][965]LogModuleManager: Shutting down and abandoning module DetailCustomizations (378)
[2017.06.19-09.48.32:259][965]LogModuleManager: Shutting down and abandoning module PackagesDialog (376)
[2017.06.19-09.48.32:259][965]LogModuleManager: Shutting down and abandoning module Persona (374)
[2017.06.19-09.48.32:259][965]LogModuleManager: Shutting down and abandoning module AdvancedPreviewScene (373)
[2017.06.19-09.48.32:259][965]LogModuleManager: Shutting down and abandoning module AnimGraph (371)
[2017.06.19-09.48.32:259][965]LogModuleManager: Shutting down and abandoning module Kismet (368)
[2017.06.19-09.48.32:273][965]LogModuleManager: Shutting down and abandoning module ClassViewer (366)
[2017.06.19-09.48.32:273][965]LogModuleManager: Shutting down and abandoning module Toolbox (364)
[2017.06.19-09.48.32:273][965]LogModuleManager: Shutting down and abandoning module ModuleUI (362)
[2017.06.19-09.48.32:273][965]LogModuleManager: Shutting down and abandoning module MovieSceneTools (360)
[2017.06.19-09.48.32:273][965]LogModuleManager: Shutting down and abandoning module OutputLog (358)
[2017.06.19-09.48.32:273][965]LogModuleManager: Shutting down and abandoning module GammaUI (356)
[2017.06.19-09.48.32:273][965]LogModuleManager: Shutting down and abandoning module Documentation (354)
[2017.06.19-09.48.32:273][965]LogModuleManager: Shutting down and abandoning module MovieSceneTracks (352)
[2017.06.19-09.48.32:273][965]LogModuleManager: Shutting down and abandoning module MovieScene (350)
[2017.06.19-09.48.32:273][965]LogModuleManager: Shutting down and abandoning module Niagara (348)
[2017.06.19-09.48.32:273][965]LogModuleManager: Shutting down and abandoning module NiagaraEditor (347)
[2017.06.19-09.48.32:273][965]LogModuleManager: Shutting down and abandoning module StreamingPauseRendering (344)
[2017.06.19-09.48.32:273][965]LogModuleManager: Shutting down and abandoning module AnalyticsET (342)
[2017.06.19-09.48.32:273][965]LogModuleManager: Shutting down and abandoning module PortalServices (340)
[2017.06.19-09.48.32:273][965]LogModuleManager: Shutting down and abandoning module PortalRpc (338)
[2017.06.19-09.48.32:273][965]LogModuleManager: Shutting down and abandoning module MessagingRpc (336)
[2017.06.19-09.48.32:273][965]LogModuleManager: Shutting down and abandoning module AIModule (334)
[2017.06.19-09.48.32:273][965]LogModuleManager: Shutting down and abandoning module GameplayDebugger (333)
[2017.06.19-09.48.32:273][965]LogModuleManager: Shutting down and abandoning module AITestSuite (331)
[2017.06.19-09.48.32:273][965]LogModuleManager: Shutting down and abandoning module ProfilerService (328)
[2017.06.19-09.48.32:454][965]LogModuleManager: Shutting down and abandoning module TaskGraph (326)
[2017.06.19-09.48.32:454][965]LogModuleManager: Shutting down and abandoning module SteamVRController (324)
[2017.06.19-09.48.32:454][965]LogModuleManager: Shutting down and abandoning module SteamVR (322)
[2017.06.19-09.48.32:454][965]LogModuleManager: Shutting down and abandoning module ProceduralMeshComponentEditor (320)
[2017.06.19-09.48.32:454][965]LogModuleManager: Shutting down and abandoning module ProceduralMeshComponent (318)
[2017.06.19-09.48.32:454][965]LogModuleManager: Shutting down and abandoning module OculusLibrary (316)
[2017.06.19-09.48.32:454][965]LogModuleManager: Shutting down and abandoning module OculusInput (314)
[2017.06.19-09.48.32:454][965]LogModuleManager: Shutting down and abandoning module MobilePatchingUtils (312)
[2017.06.19-09.48.32:454][965]LogModuleManager: Shutting down and abandoning module CustomMeshComponent (310)
[2017.06.19-09.48.32:454][965]LogModuleManager: Shutting down and abandoning module CableComponent (308)
[2017.06.19-09.48.32:454][965]LogModuleManager: Shutting down and abandoning module ArchVisCharacter (306)
[2017.06.19-09.48.32:454][965]LogModuleManager: Shutting down and abandoning module AndroidPermission (304)
[2017.06.19-09.48.32:454][965]LogModuleManager: Shutting down and abandoning module MediaPlayerEditor (300)
[2017.06.19-09.48.32:455][965]LogModuleManager: Shutting down and abandoning module HTML5Networking (298)
[2017.06.19-09.48.32:455][965]LogModuleManager: Shutting down and abandoning module AlembicImporter (296)
[2017.06.19-09.48.32:455][965]LogModuleManager: Shutting down and abandoning module AlembicLibrary (295)
[2017.06.19-09.48.32:455][965]LogModuleManager: Shutting down and abandoning module GeometryCache (294)
[2017.06.19-09.48.32:455][965]LogModuleManager: Shutting down and abandoning module GeometryCacheEd (293)
[2017.06.19-09.48.32:455][965]LogModuleManager: Shutting down and abandoning module SuperSearchEditor (288)
[2017.06.19-09.48.32:455][965]LogModuleManager: Shutting down and abandoning module SuperSearch (287)
[2017.06.19-09.48.32:455][965]LogModuleManager: Shutting down and abandoning module SpeedTreeImporter (284)
[2017.06.19-09.48.32:455][965]LogModuleManager: Shutting down and abandoning module PluginBrowser (282)
[2017.06.19-09.48.32:455][965]LogModuleManager: Shutting down and abandoning module MobileLauncherProfileWizard (280)
[2017.06.19-09.48.32:455][965]LogModuleManager: Shutting down and abandoning module VisualStudioSourceCodeAccess (278)
[2017.06.19-09.48.32:455][965]LogModuleManager: Shutting down and abandoning module DesktopPlatform (277)
[2017.06.19-09.48.32:455][965]LogModuleManager: Shutting down and abandoning module UObjectPlugin (274)
[2017.06.19-09.48.32:455][965]LogModuleManager: Shutting down and abandoning module SubversionSourceControl (272)
[2017.06.19-09.48.32:455][965]LogModuleManager: Shutting down and abandoning module PerforceSourceControl (270)
[2017.06.19-09.48.32:455][965]LogModuleManager: Shutting down and abandoning module GitSourceControl (268)
[2017.06.19-09.48.32:455][965]LogModuleManager: Shutting down and abandoning module SourceControl (267)
[2017.06.19-09.48.32:455][965]LogModuleManager: Shutting down and abandoning module LightPropagationVolumeEditor (264)
[2017.06.19-09.48.32:455][965]LogModuleManager: Shutting down and abandoning module PaperTiledImporter (262)
[2017.06.19-09.48.32:455][965]LogModuleManager: Shutting down and abandoning module PaperSpriteSheetImporter (260)
[2017.06.19-09.48.32:455][965]LogModuleManager: Shutting down and abandoning module Paper2DEditor (258)
[2017.06.19-09.48.32:455][965]LogModuleManager: Shutting down and abandoning module MeshPaint (257)
[2017.06.19-09.48.32:455][965]LogModuleManager: Shutting down and abandoning module LevelEditor (255)
[2017.06.19-09.48.32:457][965]LogModuleManager: Shutting down and abandoning module PixelInspectorModule (254)
[2017.06.19-09.48.32:457][965]LogModuleManager: Shutting down and abandoning module MainFrame (252)
[2017.06.19-09.48.32:457][965]LogModuleManager: Shutting down and abandoning module HotReload (251)
[2017.06.19-09.48.32:458][965]LogModuleManager: Shutting down and abandoning module PhysXVehiclesEditor (246)
[2017.06.19-09.48.32:458][965]LogModuleManager: Shutting down and abandoning module PhysXVehicles (244)
[2017.06.19-09.48.32:458][965]LogModuleManager: Shutting down and abandoning module LocationServicesBPLibrary (242)
[2017.06.19-09.48.32:458][965]LogModuleManager: Shutting down and abandoning module ImmediatePhysicsEditor (240)
[2017.06.19-09.48.32:458][965]LogModuleManager: Shutting down and abandoning module ImmediatePhysics (238)
[2017.06.19-09.48.32:458][965]LogModuleManager: Shutting down and abandoning module UdpMessaging (236)
[2017.06.19-09.48.32:558][965]LogModuleManager: Shutting down and abandoning module TcpMessaging (234)
[2017.06.19-09.48.32:658][965]LogModuleManager: Shutting down and abandoning module GameplayTagsEditor (232)
[2017.06.19-09.48.32:658][965]LogModuleManager: Shutting down and abandoning module FacialAnimationEditor (230)
[2017.06.19-09.48.32:658][965]LogModuleManager: Shutting down and abandoning module FacialAnimation (228)
[2017.06.19-09.48.32:658][965]LogModuleManager: Shutting down and abandoning module AssetManagerEditor (226)
[2017.06.19-09.48.32:658][965]LogModuleManager: Shutting down and abandoning module GraphEditor (225)
[2017.06.19-09.48.32:658][965]LogModuleManager: Shutting down and abandoning module ContentBrowser (223)
[2017.06.19-09.48.32:659][965]LogModuleManager: Shutting down and abandoning module LightPropagationVolumeRuntime (220)
[2017.06.19-09.48.32:659][965]LogModuleManager: Shutting down and abandoning module Paper2D (218)
[2017.06.19-09.48.32:659][965]LogModuleManager: Shutting down and abandoning module WindowsMoviePlayer (216)
[2017.06.19-09.48.32:659][965]LogModuleManager: Shutting down and abandoning module WmfMedia (214)
[2017.06.19-09.48.32:659][965]LogModuleManager: Shutting down and abandoning module ClothingSystemEditor (212)
[2017.06.19-09.48.32:659][965]LogModuleManager: Shutting down and abandoning module ClothingSystemRuntime (210)
[2017.06.19-09.48.32:659][965]LogModuleManager: Shutting down and abandoning module MediaAssets (208)
[2017.06.19-09.48.32:659][965]LogModuleManager: Shutting down and abandoning module GameLiveStreaming (206)
[2017.06.19-09.48.32:659][965]LogModuleManager: Shutting down and abandoning module VREditor (204)
[2017.06.19-09.48.32:659][965]LogModuleManager: Shutting down and abandoning module StringTableEditor (202)
[2017.06.19-09.48.32:659][965]LogModuleManager: Shutting down and abandoning module GameplayTasksEditor (200)
[2017.06.19-09.48.32:659][965]LogModuleManager: Shutting down and abandoning module BehaviorTreeEditor (198)
[2017.06.19-09.48.32:659][965]LogModuleManager: Shutting down and abandoning module FunctionalTesting (196)
[2017.06.19-09.48.32:659][965]LogModuleManager: Shutting down and abandoning module CollisionAnalyzer (194)
[2017.06.19-09.48.32:659][965]LogModuleManager: Shutting down and abandoning module UMG (192)
[2017.06.19-09.48.32:659][965]LogModuleManager: Shutting down and abandoning module UMGEditor (191)
[2017.06.19-09.48.32:659][965]LogModuleManager: Shutting down and abandoning module Sequencer (190)
[2017.06.19-09.48.32:659][965]LogModuleManager: Shutting down and abandoning module AssetTools (188)
[2017.06.19-09.48.32:659][965]LogModuleManager: Shutting down and abandoning module MessageLog (187)
[2017.06.19-09.48.32:659][965]LogModuleManager: Shutting down and abandoning module WorkspaceMenuStructure (186)
[2017.06.19-09.48.32:659][965]LogModuleManager: Shutting down and abandoning module SlateReflector (180)
[2017.06.19-09.48.32:659][965]LogModuleManager: Shutting down and abandoning module Slate (178)
[2017.06.19-09.48.32:659][965]LogModuleManager: Shutting down and abandoning module EditorStyle (176)
[2017.06.19-09.48.32:661][965]LogModuleManager: Shutting down and abandoning module SourceCodeAccess (174)
[2017.06.19-09.48.32:661][965]LogModuleManager: Shutting down and abandoning module HeadMountedDisplay (172)
[2017.06.19-09.48.32:661][965]LogModuleManager: Shutting down and abandoning module XAudio2 (170)
[2017.06.19-09.48.32:661][965]LogModuleManager: Shutting down and abandoning module Networking (168)
[2017.06.19-09.48.32:661][965]LogModuleManager: Shutting down and abandoning module Core (164)
[2017.06.19-09.48.32:661][965]LogModuleManager: Shutting down and abandoning module AssetRegistry (162)
[2017.06.19-09.48.32:801][965]LogDirectoryWatcher: A directory notification for '../../../Engine/Content/' was aborted.
[2017.06.19-09.48.32:801][965]LogDirectoryWatcher: A directory notification for '../../../../../../Users/yang/Documents/Unreal Projects/exam/Content/' was aborted.
[2017.06.19-09.48.32:801][965]LogDirectoryWatcher: A directory notification for '../../../Engine/Plugins/2D/Paper2D/Content/' was aborted.
[2017.06.19-09.48.32:801][965]LogDirectoryWatcher: A directory notification for '../../../Engine/Plugins/Runtime/GearVR/Content/' was aborted.
[2017.06.19-09.48.32:804][965]LogModuleManager: Shutting down and abandoning module DirectoryWatcher (161)
[2017.06.19-09.48.32:805][965]LogModuleManager: Shutting down and abandoning module KismetCompiler (158)
[2017.06.19-09.48.32:805][965]LogModuleManager: Shutting down and abandoning module LevelSequence (156)
[2017.06.19-09.48.32:805][965]LogModuleManager: Shutting down and abandoning module PhysXFormats (154)
[2017.06.19-09.48.32:805][965]LogModuleManager: Shutting down and abandoning module MeshUtilities (152)
[2017.06.19-09.48.32:805][965]LogModuleManager: Shutting down and abandoning module SimplygonSwarm (151)
[2017.06.19-09.48.32:805][965]LogModuleManager: Shutting down and abandoning module SimplygonMeshReduction (149)
[2017.06.19-09.48.32:805][965]LogModuleManager: Shutting down and abandoning module QuadricMeshReduction (147)
[2017.06.19-09.48.32:805][965]LogModuleManager: Shutting down and abandoning module DerivedDataCache (144)
[2017.06.19-09.48.32:852][965]LogDerivedDataCache: Shutdown
[2017.06.19-09.48.32:852][965]LogModuleManager: Shutting down and abandoning module TargetPlatform (142)
[2017.06.19-09.48.32:852][965]LogModuleManager: Shutting down and abandoning module VulkanShaderFormat (141)
[2017.06.19-09.48.32:852][965]LogModuleManager: Shutting down and abandoning module ShaderFormatVectorVM (139)
[2017.06.19-09.48.32:852][965]LogModuleManager: Shutting down and abandoning module ShaderFormatOpenGL (137)
[2017.06.19-09.48.32:852][965]LogModuleManager: Shutting down and abandoning module ShaderFormatD3D (135)
[2017.06.19-09.48.32:852][965]LogModuleManager: Shutting down and abandoning module MetalShaderFormat (133)
[2017.06.19-09.48.32:852][965]LogModuleManager: Shutting down and abandoning module TextureFormatUncompressed (131)
[2017.06.19-09.48.32:852][965]LogModuleManager: Shutting down and abandoning module TextureFormatPVR (129)
[2017.06.19-09.48.32:852][965]LogModuleManager: Shutting down and abandoning module TextureFormatDXT (127)
[2017.06.19-09.48.32:852][965]LogModuleManager: Shutting down and abandoning module TextureFormatIntelISPCTexComp (125)
[2017.06.19-09.48.32:852][965]LogModuleManager: Shutting down and abandoning module TextureFormatASTC (123)
[2017.06.19-09.48.32:852][965]LogModuleManager: Shutting down and abandoning module ImageWrapper (122)
[2017.06.19-09.48.32:852][965]LogModuleManager: Shutting down and abandoning module TextureFormatAndroid (119)
[2017.06.19-09.48.32:852][965]LogModuleManager: Shutting down and abandoning module AudioFormatOpus (117)
[2017.06.19-09.48.32:852][965]LogModuleManager: Shutting down and abandoning module AudioFormatOgg (115)
[2017.06.19-09.48.32:852][965]LogModuleManager: Shutting down and abandoning module AudioFormatADPCM (113)
[2017.06.19-09.48.32:852][965]LogModuleManager: Shutting down and abandoning module LinuxTargetPlatform (111)
[2017.06.19-09.48.32:852][965]LogModuleManager: Shutting down and abandoning module LinuxServerTargetPlatform (109)
[2017.06.19-09.48.32:852][965]LogModuleManager: Shutting down and abandoning module LinuxNoEditorTargetPlatform (107)
[2017.06.19-09.48.32:852][965]LogModuleManager: Shutting down and abandoning module LinuxClientTargetPlatform (105)
[2017.06.19-09.48.32:852][965]LogModuleManager: Shutting down and abandoning module TVOSTargetPlatform (103)
[2017.06.19-09.48.32:852][965]LogModuleManager: Shutting down and abandoning module Messaging (101)
[2017.06.19-09.48.32:852][965]LogModuleManager: Shutting down and abandoning module IOSTargetPlatform (99)
[2017.06.19-09.48.32:852][965]LogModuleManager: Shutting down and abandoning module HTML5TargetPlatform (97)
[2017.06.19-09.48.32:852][965]LogModuleManager: Shutting down and abandoning module Android_PVRTCTargetPlatform (95)
[2017.06.19-09.48.32:852][965]LogModuleManager: Shutting down and abandoning module Android_MultiTargetPlatform (93)
[2017.06.19-09.48.32:852][965]LogModuleManager: Shutting down and abandoning module Android_ETC2TargetPlatform (91)
[2017.06.19-09.48.32:852][965]LogModuleManager: Shutting down and abandoning module Android_ETC1TargetPlatform (89)
[2017.06.19-09.48.32:852][965]LogModuleManager: Shutting down and abandoning module Android_DXTTargetPlatform (87)
[2017.06.19-09.48.32:853][965]LogModuleManager: Shutting down and abandoning module Android_ATCTargetPlatform (85)
[2017.06.19-09.48.32:853][965]LogModuleManager: Shutting down and abandoning module Android_ASTCTargetPlatform (83)
[2017.06.19-09.48.32:853][965]LogModuleManager: Shutting down and abandoning module AndroidTargetPlatform (81)
[2017.06.19-09.48.32:853][965]LogModuleManager: Shutting down and abandoning module WindowsTargetPlatform (79)
[2017.06.19-09.48.32:853][965]LogModuleManager: Shutting down and abandoning module WindowsServerTargetPlatform (77)
[2017.06.19-09.48.32:853][965]LogModuleManager: Shutting down and abandoning module WindowsNoEditorTargetPlatform (75)
[2017.06.19-09.48.32:853][965]LogModuleManager: Shutting down and abandoning module WindowsClientTargetPlatform (73)
[2017.06.19-09.48.32:853][965]LogModuleManager: Shutting down and abandoning module MacTargetPlatform (71)
[2017.06.19-09.48.32:853][965]LogModuleManager: Shutting down and abandoning module MacServerTargetPlatform (69)
[2017.06.19-09.48.32:853][965]LogModuleManager: Shutting down and abandoning module MacNoEditorTargetPlatform (67)
[2017.06.19-09.48.32:853][965]LogModuleManager: Shutting down and abandoning module MacClientTargetPlatform (65)
[2017.06.19-09.48.32:853][965]LogModuleManager: Shutting down and abandoning module AllDesktopTargetPlatform (63)
[2017.06.19-09.48.32:853][965]LogModuleManager: Shutting down and abandoning module InputCore (60)
[2017.06.19-09.48.32:853][965]LogModuleManager: Shutting down and abandoning module Settings (58)
[2017.06.19-09.48.32:853][965]LogModuleManager: Shutting down and abandoning module OculusRift (56)
[2017.06.19-09.48.32:853][965]LogModuleManager: Shutting down and abandoning module GearVRController (54)
[2017.06.19-09.48.32:853][965]LogModuleManager: Shutting down and abandoning module GearVR (52)
[2017.06.19-09.48.32:853][965]LogModuleManager: Shutting down and abandoning module ExampleDeviceProfileSelector (50)
[2017.06.19-09.48.32:853][965]LogModuleManager: Shutting down and abandoning module OnlineBlueprintSupport (48)
[2017.06.19-09.48.32:853][965]LogModuleManager: Shutting down and abandoning module OnlineSubsystem (44)
[2017.06.19-09.48.32:853][965]LogOnline:Display: Unloading online subsystem: NULL
[2017.06.19-09.48.32:853][965]LogModuleManager: Shutting down and abandoning module XMPP (43)
[2017.06.19-09.48.32:853][965]LogModuleManager: Shutting down and abandoning module HTTP (41)
[2017.06.19-09.48.32:853][965]LogHttp:Display: Http module shutting down, but needs to wait on 1 outstanding Http requests:
[2017.06.19-09.48.32:853][965]LogHttp:Display: 	verb=[POST] url=[https://datarouter.ol.epicgames.com/datarouter/api/v1/public/data?SessionID=%7B3BBA72B1-40FC-B2A9-02CA-0A81E3EB2A35%7D&AppID=UEEditor.Rocket.Release&AppVersion=4.16.1-3466753%2B%2B%2BUE4%2BRelease-4.16&UserID=f68e539e41d7f71adce254805ec84cd8%7Cc705c569ac1a418f9fb90f40313bbb84%7Ce64b8f8e-c556-4a0f-9ddc-3f9d55d1d108&AppEnvironment=datacollector-binary&UploadType=eteventstream] status=Processing
[2017.06.19-09.48.32:876][965]LogModuleManager: Shutting down and abandoning module SSL (40)
[2017.06.19-09.48.32:878][965]LogModuleManager: Shutting down and abandoning module HTTPChunkInstaller (36)
[2017.06.19-09.48.32:878][965]LogModuleManager: Shutting down and abandoning module AnimationModifiers (34)
[2017.06.19-09.48.32:878][965]LogModuleManager: Shutting down and abandoning module PropertyEditor (33)
[2017.06.19-09.48.32:878][965]LogModuleManager: Shutting down and abandoning module AudioEditor (30)
[2017.06.19-09.48.32:878][965]LogModuleManager: Shutting down and abandoning module TextureCompressor (28)
[2017.06.19-09.48.32:879][965]LogModuleManager: Shutting down and abandoning module ShaderCore (26)
[2017.06.19-09.48.32:879][965]LogModuleManager: Shutting down and abandoning module Landscape (24)
[2017.06.19-09.48.32:879][965]LogModuleManager: Shutting down and abandoning module SlateRHIRenderer (22)
[2017.06.19-09.48.32:883][965]LogModuleManager: Shutting down and abandoning module OpenGLDrv (20)
[2017.06.19-09.48.32:883][965]LogModuleManager: Shutting down and abandoning module D3D11RHI (18)
[2017.06.19-09.48.32:883][965]LogModuleManager: Shutting down and abandoning module AnimGraphRuntime (16)
[2017.06.19-09.48.32:883][965]LogModuleManager: Shutting down and abandoning module Renderer (14)
[2017.06.19-09.48.32:883][965]LogModuleManager: Shutting down and abandoning module Engine (12)
[2017.06.19-09.48.32:883][965]LogModuleManager: Shutting down and abandoning module CoreUObject (10)
[2017.06.19-09.48.32:883][965]LogModuleManager: Shutting down and abandoning module NetworkFile (8)
[2017.06.19-09.48.32:883][965]LogModuleManager: Shutting down and abandoning module StreamingFile (6)
[2017.06.19-09.48.32:883][965]LogModuleManager: Shutting down and abandoning module SandboxFile (4)
[2017.06.19-09.48.32:883][965]LogModuleManager: Shutting down and abandoning module PakFile (2)
[2017.06.19-09.48.32:886][965]LogExit: Exiting.
[2017.06.19-09.48.32:916][965]Log file closed, 06/19/17 18:48:32
